<?xml version="1.0" encoding="UTF-8"?>
<testsuite name="co.edu.unbosque.horaclass.HoraclassApplicationTests" tests="1" skipped="0" failures="0" errors="0" timestamp="2026-04-17T05:37:11" hostname="DESKTOP-9R7T0RG" time="1.952">
  <properties/>
  <testcase name="contextLoads()" classname="co.edu.unbosque.horaclass.HoraclassApplicationTests" time="1.952"/>
  <system-out><![CDATA[00:36:38.682 [Test worker] INFO org.springframework.test.context.support.AnnotationConfigContextLoaderUtils -- Could not detect default configuration classes for test class [co.edu.unbosque.horaclass.HoraclassApplicationTests]: HoraclassApplicationTests does not declare any static, non-private, non-final, nested classes annotated with @Configuration.
00:36:39.189 [Test worker] INFO org.springframework.boot.test.context.SpringBootTestContextBootstrapper -- Found @SpringBootConfiguration co.edu.unbosque.horaclass.HoraclassApplication for test class co.edu.unbosque.horaclass.HoraclassApplicationTests

  .   ____          _            __ _ _
 /\\ / ___'_ __ _ _(_)_ __  __ _ \ \ \ \
( ( )\___ | '_ | '_| | '_ \/ _` | \ \ \ \
 \\/  ___)| |_)| | | | | || (_| |  ) ) ) )
  '  |____| .__|_| |_|_| |_\__, | / / / /
 =========|_|==============|___/=/_/_/_/
 :: Spring Boot ::                (v3.2.5)

2026-04-17T00:36:41.349-05:00  INFO 17724 --- [horaclass] [    Test worker] c.e.u.h.HoraclassApplicationTests        : Starting HoraclassApplicationTests using Java 23.0.2 with PID 17724 (started by ERIKA in C:\Users\ERIKA\Downloads\Nueva carpeta (5)\ERIKA BD\backend)
2026-04-17T00:36:41.355-05:00 DEBUG 17724 --- [horaclass] [    Test worker] c.e.u.h.HoraclassApplicationTests        : Running with Spring Boot v3.2.5, Spring v6.1.6
2026-04-17T00:36:41.357-05:00  INFO 17724 --- [horaclass] [    Test worker] c.e.u.h.HoraclassApplicationTests        : No active profile set, falling back to 1 default profile: "default"
2026-04-17T00:36:41.359-05:00 DEBUG 17724 --- [horaclass] [    Test worker] o.s.boot.SpringApplication               : Loading source class co.edu.unbosque.horaclass.HoraclassApplication
2026-04-17T00:36:41.509-05:00 DEBUG 17724 --- [horaclass] [    Test worker] o.s.w.c.s.GenericWebApplicationContext   : Refreshing org.springframework.web.context.support.GenericWebApplicationContext@d8948cd
2026-04-17T00:36:41.606-05:00 DEBUG 17724 --- [horaclass] [    Test worker] o.s.b.f.s.DefaultListableBeanFactory     : Creating shared instance of singleton bean 'org.springframework.context.annotation.internalConfigurationAnnotationProcessor'
2026-04-17T00:36:41.730-05:00 DEBUG 17724 --- [horaclass] [    Test worker] o.s.b.f.s.DefaultListableBeanFactory     : Creating shared instance of singleton bean 'org.springframework.boot.autoconfigure.internalCachingMetadataReaderFactory'
2026-04-17T00:36:42.161-05:00 DEBUG 17724 --- [horaclass] [    Test worker] o.s.c.a.ClassPathBeanDefinitionScanner   : Identified candidate component class: file [C:\Users\ERIKA\Downloads\Nueva carpeta (5)\ERIKA BD\backend\build\classes\java\main\co\edu\unbosque\horaclass\academy\controller\AreaConocimientoController.class]
2026-04-17T00:36:42.178-05:00 DEBUG 17724 --- [horaclass] [    Test worker] o.s.c.a.ClassPathBeanDefinitionScanner   : Identified candidate component class: file [C:\Users\ERIKA\Downloads\Nueva carpeta (5)\ERIKA BD\backend\build\classes\java\main\co\edu\unbosque\horaclass\academy\controller\AulaController.class]
2026-04-17T00:36:42.183-05:00 DEBUG 17724 --- [horaclass] [    Test worker] o.s.c.a.ClassPathBeanDefinitionScanner   : Identified candidate component class: file [C:\Users\ERIKA\Downloads\Nueva carpeta (5)\ERIKA BD\backend\build\classes\java\main\co\edu\unbosque\horaclass\academy\controller\CargoController.class]
2026-04-17T00:36:42.196-05:00 DEBUG 17724 --- [horaclass] [    Test worker] o.s.c.a.ClassPathBeanDefinitionScanner   : Identified candidate component class: file [C:\Users\ERIKA\Downloads\Nueva carpeta (5)\ERIKA BD\backend\build\classes\java\main\co\edu\unbosque\horaclass\academy\controller\CursoController.class]
2026-04-17T00:36:42.204-05:00 DEBUG 17724 --- [horaclass] [    Test worker] o.s.c.a.ClassPathBeanDefinitionScanner   : Identified candidate component class: file [C:\Users\ERIKA\Downloads\Nueva carpeta (5)\ERIKA BD\backend\build\classes\java\main\co\edu\unbosque\horaclass\academy\controller\DepartamentoController.class]
2026-04-17T00:36:42.210-05:00 DEBUG 17724 --- [horaclass] [    Test worker] o.s.c.a.ClassPathBeanDefinitionScanner   : Identified candidate component class: file [C:\Users\ERIKA\Downloads\Nueva carpeta (5)\ERIKA BD\backend\build\classes\java\main\co\edu\unbosque\horaclass\academy\controller\DiaController.class]
2026-04-17T00:36:42.217-05:00 DEBUG 17724 --- [horaclass] [    Test worker] o.s.c.a.ClassPathBeanDefinitionScanner   : Identified candidate component class: file [C:\Users\ERIKA\Downloads\Nueva carpeta (5)\ERIKA BD\backend\build\classes\java\main\co\edu\unbosque\horaclass\academy\controller\DirectivoController.class]
2026-04-17T00:36:42.250-05:00 DEBUG 17724 --- [horaclass] [    Test worker] o.s.c.a.ClassPathBeanDefinitionScanner   : Identified candidate component class: file [C:\Users\ERIKA\Downloads\Nueva carpeta (5)\ERIKA BD\backend\build\classes\java\main\co\edu\unbosque\horaclass\academy\controller\EdificioController.class]
2026-04-17T00:36:42.258-05:00 DEBUG 17724 --- [horaclass] [    Test worker] o.s.c.a.ClassPathBeanDefinitionScanner   : Identified candidate component class: file [C:\Users\ERIKA\Downloads\Nueva carpeta (5)\ERIKA BD\backend\build\classes\java\main\co\edu\unbosque\horaclass\academy\controller\EmpleadoController.class]
2026-04-17T00:36:42.263-05:00 DEBUG 17724 --- [horaclass] [    Test worker] o.s.c.a.ClassPathBeanDefinitionScanner   : Identified candidate component class: file [C:\Users\ERIKA\Downloads\Nueva carpeta (5)\ERIKA BD\backend\build\classes\java\main\co\edu\unbosque\horaclass\academy\controller\EscalafonController.class]
2026-04-17T00:36:42.277-05:00 DEBUG 17724 --- [horaclass] [    Test worker] o.s.c.a.ClassPathBeanDefinitionScanner   : Identified candidate component class: file [C:\Users\ERIKA\Downloads\Nueva carpeta (5)\ERIKA BD\backend\build\classes\java\main\co\edu\unbosque\horaclass\academy\controller\EstadoController.class]
2026-04-17T00:36:42.283-05:00 DEBUG 17724 --- [horaclass] [    Test worker] o.s.c.a.ClassPathBeanDefinitionScanner   : Identified candidate component class: file [C:\Users\ERIKA\Downloads\Nueva carpeta (5)\ERIKA BD\backend\build\classes\java\main\co\edu\unbosque\horaclass\academy\controller\EstadoCursoController.class]
2026-04-17T00:36:42.290-05:00 DEBUG 17724 --- [horaclass] [    Test worker] o.s.c.a.ClassPathBeanDefinitionScanner   : Identified candidate component class: file [C:\Users\ERIKA\Downloads\Nueva carpeta (5)\ERIKA BD\backend\build\classes\java\main\co\edu\unbosque\horaclass\academy\controller\EstadoGrupoController.class]
2026-04-17T00:36:42.295-05:00 DEBUG 17724 --- [horaclass] [    Test worker] o.s.c.a.ClassPathBeanDefinitionScanner   : Identified candidate component class: file [C:\Users\ERIKA\Downloads\Nueva carpeta (5)\ERIKA BD\backend\build\classes\java\main\co\edu\unbosque\horaclass\academy\controller\EstadoInscripcionController.class]
2026-04-17T00:36:42.299-05:00 DEBUG 17724 --- [horaclass] [    Test worker] o.s.c.a.ClassPathBeanDefinitionScanner   : Identified candidate component class: file [C:\Users\ERIKA\Downloads\Nueva carpeta (5)\ERIKA BD\backend\build\classes\java\main\co\edu\unbosque\horaclass\academy\controller\EstudianteController.class]
2026-04-17T00:36:42.325-05:00 DEBUG 17724 --- [horaclass] [    Test worker] o.s.c.a.ClassPathBeanDefinitionScanner   : Identified candidate component class: file [C:\Users\ERIKA\Downloads\Nueva carpeta (5)\ERIKA BD\backend\build\classes\java\main\co\edu\unbosque\horaclass\academy\controller\EstudioEmpleadoController.class]
2026-04-17T00:36:42.332-05:00 DEBUG 17724 --- [horaclass] [    Test worker] o.s.c.a.ClassPathBeanDefinitionScanner   : Identified candidate component class: file [C:\Users\ERIKA\Downloads\Nueva carpeta (5)\ERIKA BD\backend\build\classes\java\main\co\edu\unbosque\horaclass\academy\controller\GrupoController.class]
2026-04-17T00:36:42.348-05:00 DEBUG 17724 --- [horaclass] [    Test worker] o.s.c.a.ClassPathBeanDefinitionScanner   : Identified candidate component class: file [C:\Users\ERIKA\Downloads\Nueva carpeta (5)\ERIKA BD\backend\build\classes\java\main\co\edu\unbosque\horaclass\academy\controller\InscripcionController.class]
2026-04-17T00:36:42.367-05:00 DEBUG 17724 --- [horaclass] [    Test worker] o.s.c.a.ClassPathBeanDefinitionScanner   : Identified candidate component class: file [C:\Users\ERIKA\Downloads\Nueva carpeta (5)\ERIKA BD\backend\build\classes\java\main\co\edu\unbosque\horaclass\academy\controller\InstitucionController.class]
2026-04-17T00:36:42.410-05:00 DEBUG 17724 --- [horaclass] [    Test worker] o.s.c.a.ClassPathBeanDefinitionScanner   : Identified candidate component class: file [C:\Users\ERIKA\Downloads\Nueva carpeta (5)\ERIKA BD\backend\build\classes\java\main\co\edu\unbosque\horaclass\academy\controller\ModalidadContratoController.class]
2026-04-17T00:36:42.413-05:00 DEBUG 17724 --- [horaclass] [    Test worker] o.s.c.a.ClassPathBeanDefinitionScanner   : Identified candidate component class: file [C:\Users\ERIKA\Downloads\Nueva carpeta (5)\ERIKA BD\backend\build\classes\java\main\co\edu\unbosque\horaclass\academy\controller\ModalidadCursoController.class]
2026-04-17T00:36:42.417-05:00 DEBUG 17724 --- [horaclass] [    Test worker] o.s.c.a.ClassPathBeanDefinitionScanner   : Identified candidate component class: file [C:\Users\ERIKA\Downloads\Nueva carpeta (5)\ERIKA BD\backend\build\classes\java\main\co\edu\unbosque\horaclass\academy\controller\NivelAcademicoController.class]
2026-04-17T00:36:42.423-05:00 DEBUG 17724 --- [horaclass] [    Test worker] o.s.c.a.ClassPathBeanDefinitionScanner   : Identified candidate component class: file [C:\Users\ERIKA\Downloads\Nueva carpeta (5)\ERIKA BD\backend\build\classes\java\main\co\edu\unbosque\horaclass\academy\controller\ParametroPeriodoController.class]
2026-04-17T00:36:42.427-05:00 DEBUG 17724 --- [horaclass] [    Test worker] o.s.c.a.ClassPathBeanDefinitionScanner   : Identified candidate component class: file [C:\Users\ERIKA\Downloads\Nueva carpeta (5)\ERIKA BD\backend\build\classes\java\main\co\edu\unbosque\horaclass\academy\controller\PeriodoController.class]
2026-04-17T00:36:42.452-05:00 DEBUG 17724 --- [horaclass] [    Test worker] o.s.c.a.ClassPathBeanDefinitionScanner   : Identified candidate component class: file [C:\Users\ERIKA\Downloads\Nueva carpeta (5)\ERIKA BD\backend\build\classes\java\main\co\edu\unbosque\horaclass\academy\controller\PregradoController.class]
2026-04-17T00:36:42.459-05:00 DEBUG 17724 --- [horaclass] [    Test worker] o.s.c.a.ClassPathBeanDefinitionScanner   : Identified candidate component class: file [C:\Users\ERIKA\Downloads\Nueva carpeta (5)\ERIKA BD\backend\build\classes\java\main\co\edu\unbosque\horaclass\academy\controller\ProfesorController.class]
2026-04-17T00:36:42.462-05:00 DEBUG 17724 --- [horaclass] [    Test worker] o.s.c.a.ClassPathBeanDefinitionScanner   : Identified candidate component class: file [C:\Users\ERIKA\Downloads\Nueva carpeta (5)\ERIKA BD\backend\build\classes\java\main\co\edu\unbosque\horaclass\academy\controller\ProfesorCursoController.class]
2026-04-17T00:36:42.464-05:00 DEBUG 17724 --- [horaclass] [    Test worker] o.s.c.a.ClassPathBeanDefinitionScanner   : Identified candidate component class: file [C:\Users\ERIKA\Downloads\Nueva carpeta (5)\ERIKA BD\backend\build\classes\java\main\co\edu\unbosque\horaclass\academy\controller\RestriccionProfesorController.class]
2026-04-17T00:36:42.469-05:00 DEBUG 17724 --- [horaclass] [    Test worker] o.s.c.a.ClassPathBeanDefinitionScanner   : Identified candidate component class: file [C:\Users\ERIKA\Downloads\Nueva carpeta (5)\ERIKA BD\backend\build\classes\java\main\co\edu\unbosque\horaclass\academy\controller\SesionController.class]
2026-04-17T00:36:42.473-05:00 DEBUG 17724 --- [horaclass] [    Test worker] o.s.c.a.ClassPathBeanDefinitionScanner   : Identified candidate component class: file [C:\Users\ERIKA\Downloads\Nueva carpeta (5)\ERIKA BD\backend\build\classes\java\main\co\edu\unbosque\horaclass\academy\controller\TipoAulaController.class]
2026-04-17T00:36:42.476-05:00 DEBUG 17724 --- [horaclass] [    Test worker] o.s.c.a.ClassPathBeanDefinitionScanner   : Identified candidate component class: file [C:\Users\ERIKA\Downloads\Nueva carpeta (5)\ERIKA BD\backend\build\classes\java\main\co\edu\unbosque\horaclass\academy\controller\TipoCursoController.class]
2026-04-17T00:36:42.478-05:00 DEBUG 17724 --- [horaclass] [    Test worker] o.s.c.a.ClassPathBeanDefinitionScanner   : Identified candidate component class: file [C:\Users\ERIKA\Downloads\Nueva carpeta (5)\ERIKA BD\backend\build\classes\java\main\co\edu\unbosque\horaclass\academy\controller\TipoDocumentoController.class]
2026-04-17T00:36:42.481-05:00 DEBUG 17724 --- [horaclass] [    Test worker] o.s.c.a.ClassPathBeanDefinitionScanner   : Identified candidate component class: file [C:\Users\ERIKA\Downloads\Nueva carpeta (5)\ERIKA BD\backend\build\classes\java\main\co\edu\unbosque\horaclass\academy\controller\TipoMatriculaController.class]
2026-04-17T00:36:42.484-05:00 DEBUG 17724 --- [horaclass] [    Test worker] o.s.c.a.ClassPathBeanDefinitionScanner   : Identified candidate component class: file [C:\Users\ERIKA\Downloads\Nueva carpeta (5)\ERIKA BD\backend\build\classes\java\main\co\edu\unbosque\horaclass\academy\controller\TipoSillasController.class]
2026-04-17T00:36:43.078-05:00 DEBUG 17724 --- [horaclass] [    Test worker] o.s.c.a.ClassPathBeanDefinitionScanner   : Ignored because not a concrete top-level class: file [C:\Users\ERIKA\Downloads\Nueva carpeta (5)\ERIKA BD\backend\build\classes\java\main\co\edu\unbosque\horaclass\academy\repository\AreaConocimientoRepository.class]
2026-04-17T00:36:43.080-05:00 DEBUG 17724 --- [horaclass] [    Test worker] o.s.c.a.ClassPathBeanDefinitionScanner   : Ignored because not a concrete top-level class: file [C:\Users\ERIKA\Downloads\Nueva carpeta (5)\ERIKA BD\backend\build\classes\java\main\co\edu\unbosque\horaclass\academy\repository\AulaRepository.class]
2026-04-17T00:36:43.082-05:00 DEBUG 17724 --- [horaclass] [    Test worker] o.s.c.a.ClassPathBeanDefinitionScanner   : Ignored because not a concrete top-level class: file [C:\Users\ERIKA\Downloads\Nueva carpeta (5)\ERIKA BD\backend\build\classes\java\main\co\edu\unbosque\horaclass\academy\repository\CargoRepository.class]
2026-04-17T00:36:43.087-05:00 DEBUG 17724 --- [horaclass] [    Test worker] o.s.c.a.ClassPathBeanDefinitionScanner   : Ignored because not a concrete top-level class: file [C:\Users\ERIKA\Downloads\Nueva carpeta (5)\ERIKA BD\backend\build\classes\java\main\co\edu\unbosque\horaclass\academy\repository\CursoRepository.class]
2026-04-17T00:36:43.091-05:00 DEBUG 17724 --- [horaclass] [    Test worker] o.s.c.a.ClassPathBeanDefinitionScanner   : Ignored because not a concrete top-level class: file [C:\Users\ERIKA\Downloads\Nueva carpeta (5)\ERIKA BD\backend\build\classes\java\main\co\edu\unbosque\horaclass\academy\repository\DepartamentoRepository.class]
2026-04-17T00:36:43.094-05:00 DEBUG 17724 --- [horaclass] [    Test worker] o.s.c.a.ClassPathBeanDefinitionScanner   : Ignored because not a concrete top-level class: file [C:\Users\ERIKA\Downloads\Nueva carpeta (5)\ERIKA BD\backend\build\classes\java\main\co\edu\unbosque\horaclass\academy\repository\DiaRepository.class]
2026-04-17T00:36:43.097-05:00 DEBUG 17724 --- [horaclass] [    Test worker] o.s.c.a.ClassPathBeanDefinitionScanner   : Ignored because not a concrete top-level class: file [C:\Users\ERIKA\Downloads\Nueva carpeta (5)\ERIKA BD\backend\build\classes\java\main\co\edu\unbosque\horaclass\academy\repository\DirectivoRepository.class]
2026-04-17T00:36:43.099-05:00 DEBUG 17724 --- [horaclass] [    Test worker] o.s.c.a.ClassPathBeanDefinitionScanner   : Ignored because not a concrete top-level class: file [C:\Users\ERIKA\Downloads\Nueva carpeta (5)\ERIKA BD\backend\build\classes\java\main\co\edu\unbosque\horaclass\academy\repository\EdificioRepository.class]
2026-04-17T00:36:43.104-05:00 DEBUG 17724 --- [horaclass] [    Test worker] o.s.c.a.ClassPathBeanDefinitionScanner   : Ignored because not a concrete top-level class: file [C:\Users\ERIKA\Downloads\Nueva carpeta (5)\ERIKA BD\backend\build\classes\java\main\co\edu\unbosque\horaclass\academy\repository\EmpleadoRepository.class]
2026-04-17T00:36:43.107-05:00 DEBUG 17724 --- [horaclass] [    Test worker] o.s.c.a.ClassPathBeanDefinitionScanner   : Ignored because not a concrete top-level class: file [C:\Users\ERIKA\Downloads\Nueva carpeta (5)\ERIKA BD\backend\build\classes\java\main\co\edu\unbosque\horaclass\academy\repository\EscalafonRepository.class]
2026-04-17T00:36:43.110-05:00 DEBUG 17724 --- [horaclass] [    Test worker] o.s.c.a.ClassPathBeanDefinitionScanner   : Ignored because not a concrete top-level class: file [C:\Users\ERIKA\Downloads\Nueva carpeta (5)\ERIKA BD\backend\build\classes\java\main\co\edu\unbosque\horaclass\academy\repository\EstadoCursoRepository.class]
2026-04-17T00:36:43.112-05:00 DEBUG 17724 --- [horaclass] [    Test worker] o.s.c.a.ClassPathBeanDefinitionScanner   : Ignored because not a concrete top-level class: file [C:\Users\ERIKA\Downloads\Nueva carpeta (5)\ERIKA BD\backend\build\classes\java\main\co\edu\unbosque\horaclass\academy\repository\EstadoGrupoRepository.class]
2026-04-17T00:36:43.115-05:00 DEBUG 17724 --- [horaclass] [    Test worker] o.s.c.a.ClassPathBeanDefinitionScanner   : Ignored because not a concrete top-level class: file [C:\Users\ERIKA\Downloads\Nueva carpeta (5)\ERIKA BD\backend\build\classes\java\main\co\edu\unbosque\horaclass\academy\repository\EstadoInscripcionRepository.class]
2026-04-17T00:36:43.119-05:00 DEBUG 17724 --- [horaclass] [    Test worker] o.s.c.a.ClassPathBeanDefinitionScanner   : Ignored because not a concrete top-level class: file [C:\Users\ERIKA\Downloads\Nueva carpeta (5)\ERIKA BD\backend\build\classes\java\main\co\edu\unbosque\horaclass\academy\repository\EstadoRepository.class]
2026-04-17T00:36:43.122-05:00 DEBUG 17724 --- [horaclass] [    Test worker] o.s.c.a.ClassPathBeanDefinitionScanner   : Ignored because not a concrete top-level class: file [C:\Users\ERIKA\Downloads\Nueva carpeta (5)\ERIKA BD\backend\build\classes\java\main\co\edu\unbosque\horaclass\academy\repository\EstudianteRepository.class]
2026-04-17T00:36:43.125-05:00 DEBUG 17724 --- [horaclass] [    Test worker] o.s.c.a.ClassPathBeanDefinitionScanner   : Ignored because not a concrete top-level class: file [C:\Users\ERIKA\Downloads\Nueva carpeta (5)\ERIKA BD\backend\build\classes\java\main\co\edu\unbosque\horaclass\academy\repository\EstudioEmpleadoRepository.class]
2026-04-17T00:36:43.128-05:00 DEBUG 17724 --- [horaclass] [    Test worker] o.s.c.a.ClassPathBeanDefinitionScanner   : Ignored because not a concrete top-level class: file [C:\Users\ERIKA\Downloads\Nueva carpeta (5)\ERIKA BD\backend\build\classes\java\main\co\edu\unbosque\horaclass\academy\repository\GrupoRepository.class]
2026-04-17T00:36:43.130-05:00 DEBUG 17724 --- [horaclass] [    Test worker] o.s.c.a.ClassPathBeanDefinitionScanner   : Ignored because not a concrete top-level class: file [C:\Users\ERIKA\Downloads\Nueva carpeta (5)\ERIKA BD\backend\build\classes\java\main\co\edu\unbosque\horaclass\academy\repository\InscripcionRepository.class]
2026-04-17T00:36:43.132-05:00 DEBUG 17724 --- [horaclass] [    Test worker] o.s.c.a.ClassPathBeanDefinitionScanner   : Ignored because not a concrete top-level class: file [C:\Users\ERIKA\Downloads\Nueva carpeta (5)\ERIKA BD\backend\build\classes\java\main\co\edu\unbosque\horaclass\academy\repository\InstitucionRepository.class]
2026-04-17T00:36:43.137-05:00 DEBUG 17724 --- [horaclass] [    Test worker] o.s.c.a.ClassPathBeanDefinitionScanner   : Ignored because not a concrete top-level class: file [C:\Users\ERIKA\Downloads\Nueva carpeta (5)\ERIKA BD\backend\build\classes\java\main\co\edu\unbosque\horaclass\academy\repository\ModalidadContratoRepository.class]
2026-04-17T00:36:43.141-05:00 DEBUG 17724 --- [horaclass] [    Test worker] o.s.c.a.ClassPathBeanDefinitionScanner   : Ignored because not a concrete top-level class: file [C:\Users\ERIKA\Downloads\Nueva carpeta (5)\ERIKA BD\backend\build\classes\java\main\co\edu\unbosque\horaclass\academy\repository\ModalidadCursoRepository.class]
2026-04-17T00:36:43.144-05:00 DEBUG 17724 --- [horaclass] [    Test worker] o.s.c.a.ClassPathBeanDefinitionScanner   : Ignored because not a concrete top-level class: file [C:\Users\ERIKA\Downloads\Nueva carpeta (5)\ERIKA BD\backend\build\classes\java\main\co\edu\unbosque\horaclass\academy\repository\NivelAcademicoRepository.class]
2026-04-17T00:36:43.148-05:00 DEBUG 17724 --- [horaclass] [    Test worker] o.s.c.a.ClassPathBeanDefinitionScanner   : Ignored because not a concrete top-level class: file [C:\Users\ERIKA\Downloads\Nueva carpeta (5)\ERIKA BD\backend\build\classes\java\main\co\edu\unbosque\horaclass\academy\repository\ParametroPeriodoRepository.class]
2026-04-17T00:36:43.152-05:00 DEBUG 17724 --- [horaclass] [    Test worker] o.s.c.a.ClassPathBeanDefinitionScanner   : Ignored because not a concrete top-level class: file [C:\Users\ERIKA\Downloads\Nueva carpeta (5)\ERIKA BD\backend\build\classes\java\main\co\edu\unbosque\horaclass\academy\repository\PeriodoRepository.class]
2026-04-17T00:36:43.156-05:00 DEBUG 17724 --- [horaclass] [    Test worker] o.s.c.a.ClassPathBeanDefinitionScanner   : Ignored because not a concrete top-level class: file [C:\Users\ERIKA\Downloads\Nueva carpeta (5)\ERIKA BD\backend\build\classes\java\main\co\edu\unbosque\horaclass\academy\repository\PregradoRepository.class]
2026-04-17T00:36:43.159-05:00 DEBUG 17724 --- [horaclass] [    Test worker] o.s.c.a.ClassPathBeanDefinitionScanner   : Ignored because not a concrete top-level class: file [C:\Users\ERIKA\Downloads\Nueva carpeta (5)\ERIKA BD\backend\build\classes\java\main\co\edu\unbosque\horaclass\academy\repository\ProfesorCursoRepository.class]
2026-04-17T00:36:43.164-05:00 DEBUG 17724 --- [horaclass] [    Test worker] o.s.c.a.ClassPathBeanDefinitionScanner   : Ignored because not a concrete top-level class: file [C:\Users\ERIKA\Downloads\Nueva carpeta (5)\ERIKA BD\backend\build\classes\java\main\co\edu\unbosque\horaclass\academy\repository\ProfesorRepository.class]
2026-04-17T00:36:43.166-05:00 DEBUG 17724 --- [horaclass] [    Test worker] o.s.c.a.ClassPathBeanDefinitionScanner   : Ignored because not a concrete top-level class: file [C:\Users\ERIKA\Downloads\Nueva carpeta (5)\ERIKA BD\backend\build\classes\java\main\co\edu\unbosque\horaclass\academy\repository\RestriccionProfesorRepository.class]
2026-04-17T00:36:43.172-05:00 DEBUG 17724 --- [horaclass] [    Test worker] o.s.c.a.ClassPathBeanDefinitionScanner   : Ignored because not a concrete top-level class: file [C:\Users\ERIKA\Downloads\Nueva carpeta (5)\ERIKA BD\backend\build\classes\java\main\co\edu\unbosque\horaclass\academy\repository\SesionRepository.class]
2026-04-17T00:36:43.176-05:00 DEBUG 17724 --- [horaclass] [    Test worker] o.s.c.a.ClassPathBeanDefinitionScanner   : Ignored because not a concrete top-level class: file [C:\Users\ERIKA\Downloads\Nueva carpeta (5)\ERIKA BD\backend\build\classes\java\main\co\edu\unbosque\horaclass\academy\repository\TipoAulaRepository.class]
2026-04-17T00:36:43.179-05:00 DEBUG 17724 --- [horaclass] [    Test worker] o.s.c.a.ClassPathBeanDefinitionScanner   : Ignored because not a concrete top-level class: file [C:\Users\ERIKA\Downloads\Nueva carpeta (5)\ERIKA BD\backend\build\classes\java\main\co\edu\unbosque\horaclass\academy\repository\TipoCursoRepository.class]
2026-04-17T00:36:43.182-05:00 DEBUG 17724 --- [horaclass] [    Test worker] o.s.c.a.ClassPathBeanDefinitionScanner   : Ignored because not a concrete top-level class: file [C:\Users\ERIKA\Downloads\Nueva carpeta (5)\ERIKA BD\backend\build\classes\java\main\co\edu\unbosque\horaclass\academy\repository\TipoDocumentoRepository.class]
2026-04-17T00:36:43.186-05:00 DEBUG 17724 --- [horaclass] [    Test worker] o.s.c.a.ClassPathBeanDefinitionScanner   : Ignored because not a concrete top-level class: file [C:\Users\ERIKA\Downloads\Nueva carpeta (5)\ERIKA BD\backend\build\classes\java\main\co\edu\unbosque\horaclass\academy\repository\TipoMatriculaRepository.class]
2026-04-17T00:36:43.191-05:00 DEBUG 17724 --- [horaclass] [    Test worker] o.s.c.a.ClassPathBeanDefinitionScanner   : Ignored because not a concrete top-level class: file [C:\Users\ERIKA\Downloads\Nueva carpeta (5)\ERIKA BD\backend\build\classes\java\main\co\edu\unbosque\horaclass\academy\repository\TipoSillasRepository.class]
2026-04-17T00:36:43.245-05:00 DEBUG 17724 --- [horaclass] [    Test worker] o.s.c.a.ClassPathBeanDefinitionScanner   : Identified candidate component class: file [C:\Users\ERIKA\Downloads\Nueva carpeta (5)\ERIKA BD\backend\build\classes\java\main\co\edu\unbosque\horaclass\academy\service\impl\AreaConocimientoServiceImpl.class]
2026-04-17T00:36:43.256-05:00 DEBUG 17724 --- [horaclass] [    Test worker] o.s.c.a.ClassPathBeanDefinitionScanner   : Identified candidate component class: file [C:\Users\ERIKA\Downloads\Nueva carpeta (5)\ERIKA BD\backend\build\classes\java\main\co\edu\unbosque\horaclass\academy\service\impl\AulaServiceImpl.class]
2026-04-17T00:36:43.266-05:00 DEBUG 17724 --- [horaclass] [    Test worker] o.s.c.a.ClassPathBeanDefinitionScanner   : Identified candidate component class: file [C:\Users\ERIKA\Downloads\Nueva carpeta (5)\ERIKA BD\backend\build\classes\java\main\co\edu\unbosque\horaclass\academy\service\impl\CargoServiceImpl.class]
2026-04-17T00:36:43.272-05:00 DEBUG 17724 --- [horaclass] [    Test worker] o.s.c.a.ClassPathBeanDefinitionScanner   : Identified candidate component class: file [C:\Users\ERIKA\Downloads\Nueva carpeta (5)\ERIKA BD\backend\build\classes\java\main\co\edu\unbosque\horaclass\academy\service\impl\CursoServiceImpl.class]
2026-04-17T00:36:43.274-05:00 DEBUG 17724 --- [horaclass] [    Test worker] o.s.c.a.ClassPathBeanDefinitionScanner   : Identified candidate component class: file [C:\Users\ERIKA\Downloads\Nueva carpeta (5)\ERIKA BD\backend\build\classes\java\main\co\edu\unbosque\horaclass\academy\service\impl\DepartamentoServiceImpl.class]
2026-04-17T00:36:43.276-05:00 DEBUG 17724 --- [horaclass] [    Test worker] o.s.c.a.ClassPathBeanDefinitionScanner   : Identified candidate component class: file [C:\Users\ERIKA\Downloads\Nueva carpeta (5)\ERIKA BD\backend\build\classes\java\main\co\edu\unbosque\horaclass\academy\service\impl\DiaServiceImpl.class]
2026-04-17T00:36:43.279-05:00 DEBUG 17724 --- [horaclass] [    Test worker] o.s.c.a.ClassPathBeanDefinitionScanner   : Identified candidate component class: file [C:\Users\ERIKA\Downloads\Nueva carpeta (5)\ERIKA BD\backend\build\classes\java\main\co\edu\unbosque\horaclass\academy\service\impl\DirectivoServiceImpl.class]
2026-04-17T00:36:43.290-05:00 DEBUG 17724 --- [horaclass] [    Test worker] o.s.c.a.ClassPathBeanDefinitionScanner   : Identified candidate component class: file [C:\Users\ERIKA\Downloads\Nueva carpeta (5)\ERIKA BD\backend\build\classes\java\main\co\edu\unbosque\horaclass\academy\service\impl\EdificioServiceImpl.class]
2026-04-17T00:36:43.296-05:00 DEBUG 17724 --- [horaclass] [    Test worker] o.s.c.a.ClassPathBeanDefinitionScanner   : Identified candidate component class: file [C:\Users\ERIKA\Downloads\Nueva carpeta (5)\ERIKA BD\backend\build\classes\java\main\co\edu\unbosque\horaclass\academy\service\impl\EmpleadoServiceImpl.class]
2026-04-17T00:36:43.300-05:00 DEBUG 17724 --- [horaclass] [    Test worker] o.s.c.a.ClassPathBeanDefinitionScanner   : Identified candidate component class: file [C:\Users\ERIKA\Downloads\Nueva carpeta (5)\ERIKA BD\backend\build\classes\java\main\co\edu\unbosque\horaclass\academy\service\impl\EscalafonServiceImpl.class]
2026-04-17T00:36:43.308-05:00 DEBUG 17724 --- [horaclass] [    Test worker] o.s.c.a.ClassPathBeanDefinitionScanner   : Identified candidate component class: file [C:\Users\ERIKA\Downloads\Nueva carpeta (5)\ERIKA BD\backend\build\classes\java\main\co\edu\unbosque\horaclass\academy\service\impl\EstadoCursoServiceImpl.class]
2026-04-17T00:36:43.313-05:00 DEBUG 17724 --- [horaclass] [    Test worker] o.s.c.a.ClassPathBeanDefinitionScanner   : Identified candidate component class: file [C:\Users\ERIKA\Downloads\Nueva carpeta (5)\ERIKA BD\backend\build\classes\java\main\co\edu\unbosque\horaclass\academy\service\impl\EstadoGrupoServiceImpl.class]
2026-04-17T00:36:43.316-05:00 DEBUG 17724 --- [horaclass] [    Test worker] o.s.c.a.ClassPathBeanDefinitionScanner   : Identified candidate component class: file [C:\Users\ERIKA\Downloads\Nueva carpeta (5)\ERIKA BD\backend\build\classes\java\main\co\edu\unbosque\horaclass\academy\service\impl\EstadoInscripcionServiceImpl.class]
2026-04-17T00:36:43.321-05:00 DEBUG 17724 --- [horaclass] [    Test worker] o.s.c.a.ClassPathBeanDefinitionScanner   : Identified candidate component class: file [C:\Users\ERIKA\Downloads\Nueva carpeta (5)\ERIKA BD\backend\build\classes\java\main\co\edu\unbosque\horaclass\academy\service\impl\EstadoServiceImpl.class]
2026-04-17T00:36:43.323-05:00 DEBUG 17724 --- [horaclass] [    Test worker] o.s.c.a.ClassPathBeanDefinitionScanner   : Identified candidate component class: file [C:\Users\ERIKA\Downloads\Nueva carpeta (5)\ERIKA BD\backend\build\classes\java\main\co\edu\unbosque\horaclass\academy\service\impl\EstudianteServiceImpl.class]
2026-04-17T00:36:43.326-05:00 DEBUG 17724 --- [horaclass] [    Test worker] o.s.c.a.ClassPathBeanDefinitionScanner   : Identified candidate component class: file [C:\Users\ERIKA\Downloads\Nueva carpeta (5)\ERIKA BD\backend\build\classes\java\main\co\edu\unbosque\horaclass\academy\service\impl\EstudioEmpleadoServiceImpl.class]
2026-04-17T00:36:43.327-05:00 DEBUG 17724 --- [horaclass] [    Test worker] o.s.c.a.ClassPathBeanDefinitionScanner   : Identified candidate component class: file [C:\Users\ERIKA\Downloads\Nueva carpeta (5)\ERIKA BD\backend\build\classes\java\main\co\edu\unbosque\horaclass\academy\service\impl\GrupoServiceImpl.class]
2026-04-17T00:36:43.330-05:00 DEBUG 17724 --- [horaclass] [    Test worker] o.s.c.a.ClassPathBeanDefinitionScanner   : Identified candidate component class: file [C:\Users\ERIKA\Downloads\Nueva carpeta (5)\ERIKA BD\backend\build\classes\java\main\co\edu\unbosque\horaclass\academy\service\impl\InscripcionServiceImpl.class]
2026-04-17T00:36:43.332-05:00 DEBUG 17724 --- [horaclass] [    Test worker] o.s.c.a.ClassPathBeanDefinitionScanner   : Identified candidate component class: file [C:\Users\ERIKA\Downloads\Nueva carpeta (5)\ERIKA BD\backend\build\classes\java\main\co\edu\unbosque\horaclass\academy\service\impl\InstitucionServiceImpl.class]
2026-04-17T00:36:43.335-05:00 DEBUG 17724 --- [horaclass] [    Test worker] o.s.c.a.ClassPathBeanDefinitionScanner   : Identified candidate component class: file [C:\Users\ERIKA\Downloads\Nueva carpeta (5)\ERIKA BD\backend\build\classes\java\main\co\edu\unbosque\horaclass\academy\service\impl\ModalidadContratoServiceImpl.class]
2026-04-17T00:36:43.338-05:00 DEBUG 17724 --- [horaclass] [    Test worker] o.s.c.a.ClassPathBeanDefinitionScanner   : Identified candidate component class: file [C:\Users\ERIKA\Downloads\Nueva carpeta (5)\ERIKA BD\backend\build\classes\java\main\co\edu\unbosque\horaclass\academy\service\impl\ModalidadCursoServiceImpl.class]
2026-04-17T00:36:43.343-05:00 DEBUG 17724 --- [horaclass] [    Test worker] o.s.c.a.ClassPathBeanDefinitionScanner   : Identified candidate component class: file [C:\Users\ERIKA\Downloads\Nueva carpeta (5)\ERIKA BD\backend\build\classes\java\main\co\edu\unbosque\horaclass\academy\service\impl\NivelAcademicoServiceImpl.class]
2026-04-17T00:36:43.345-05:00 DEBUG 17724 --- [horaclass] [    Test worker] o.s.c.a.ClassPathBeanDefinitionScanner   : Identified candidate component class: file [C:\Users\ERIKA\Downloads\Nueva carpeta (5)\ERIKA BD\backend\build\classes\java\main\co\edu\unbosque\horaclass\academy\service\impl\ParametroPeriodoServiceImpl.class]
2026-04-17T00:36:43.348-05:00 DEBUG 17724 --- [horaclass] [    Test worker] o.s.c.a.ClassPathBeanDefinitionScanner   : Identified candidate component class: file [C:\Users\ERIKA\Downloads\Nueva carpeta (5)\ERIKA BD\backend\build\classes\java\main\co\edu\unbosque\horaclass\academy\service\impl\PeriodoServiceImpl.class]
2026-04-17T00:36:43.359-05:00 DEBUG 17724 --- [horaclass] [    Test worker] o.s.c.a.ClassPathBeanDefinitionScanner   : Identified candidate component class: file [C:\Users\ERIKA\Downloads\Nueva carpeta (5)\ERIKA BD\backend\build\classes\java\main\co\edu\unbosque\horaclass\academy\service\impl\PregradoServiceImpl.class]
2026-04-17T00:36:43.365-05:00 DEBUG 17724 --- [horaclass] [    Test worker] o.s.c.a.ClassPathBeanDefinitionScanner   : Identified candidate component class: file [C:\Users\ERIKA\Downloads\Nueva carpeta (5)\ERIKA BD\backend\build\classes\java\main\co\edu\unbosque\horaclass\academy\service\impl\ProfesorCursoServiceImpl.class]
2026-04-17T00:36:43.383-05:00 DEBUG 17724 --- [horaclass] [    Test worker] o.s.c.a.ClassPathBeanDefinitionScanner   : Identified candidate component class: file [C:\Users\ERIKA\Downloads\Nueva carpeta (5)\ERIKA BD\backend\build\classes\java\main\co\edu\unbosque\horaclass\academy\service\impl\ProfesorServiceImpl.class]
2026-04-17T00:36:43.387-05:00 DEBUG 17724 --- [horaclass] [    Test worker] o.s.c.a.ClassPathBeanDefinitionScanner   : Identified candidate component class: file [C:\Users\ERIKA\Downloads\Nueva carpeta (5)\ERIKA BD\backend\build\classes\java\main\co\edu\unbosque\horaclass\academy\service\impl\RestriccionProfesorServiceImpl.class]
2026-04-17T00:36:43.391-05:00 DEBUG 17724 --- [horaclass] [    Test worker] o.s.c.a.ClassPathBeanDefinitionScanner   : Identified candidate component class: file [C:\Users\ERIKA\Downloads\Nueva carpeta (5)\ERIKA BD\backend\build\classes\java\main\co\edu\unbosque\horaclass\academy\service\impl\SesionServiceImpl.class]
2026-04-17T00:36:43.392-05:00 DEBUG 17724 --- [horaclass] [    Test worker] o.s.c.a.ClassPathBeanDefinitionScanner   : Identified candidate component class: file [C:\Users\ERIKA\Downloads\Nueva carpeta (5)\ERIKA BD\backend\build\classes\java\main\co\edu\unbosque\horaclass\academy\service\impl\TipoAulaServiceImpl.class]
2026-04-17T00:36:43.394-05:00 DEBUG 17724 --- [horaclass] [    Test worker] o.s.c.a.ClassPathBeanDefinitionScanner   : Identified candidate component class: file [C:\Users\ERIKA\Downloads\Nueva carpeta (5)\ERIKA BD\backend\build\classes\java\main\co\edu\unbosque\horaclass\academy\service\impl\TipoCursoServiceImpl.class]
2026-04-17T00:36:43.397-05:00 DEBUG 17724 --- [horaclass] [    Test worker] o.s.c.a.ClassPathBeanDefinitionScanner   : Identified candidate component class: file [C:\Users\ERIKA\Downloads\Nueva carpeta (5)\ERIKA BD\backend\build\classes\java\main\co\edu\unbosque\horaclass\academy\service\impl\TipoDocumentoServiceImpl.class]
2026-04-17T00:36:43.399-05:00 DEBUG 17724 --- [horaclass] [    Test worker] o.s.c.a.ClassPathBeanDefinitionScanner   : Identified candidate component class: file [C:\Users\ERIKA\Downloads\Nueva carpeta (5)\ERIKA BD\backend\build\classes\java\main\co\edu\unbosque\horaclass\academy\service\impl\TipoMatriculaServiceImpl.class]
2026-04-17T00:36:43.403-05:00 DEBUG 17724 --- [horaclass] [    Test worker] o.s.c.a.ClassPathBeanDefinitionScanner   : Identified candidate component class: file [C:\Users\ERIKA\Downloads\Nueva carpeta (5)\ERIKA BD\backend\build\classes\java\main\co\edu\unbosque\horaclass\academy\service\impl\TipoSillasServiceImpl.class]
2026-04-17T00:36:43.441-05:00 DEBUG 17724 --- [horaclass] [    Test worker] o.s.c.a.ClassPathBeanDefinitionScanner   : Identified candidate component class: file [C:\Users\ERIKA\Downloads\Nueva carpeta (5)\ERIKA BD\backend\build\classes\java\main\co\edu\unbosque\horaclass\config\AppConfig.class]
2026-04-17T00:36:43.447-05:00 DEBUG 17724 --- [horaclass] [    Test worker] o.s.c.a.ClassPathBeanDefinitionScanner   : Ignored because not a concrete top-level class: file [C:\Users\ERIKA\Downloads\Nueva carpeta (5)\ERIKA BD\backend\build\classes\java\main\co\edu\unbosque\horaclass\user\repository\UserRepository.class]
2026-04-17T00:36:46.616-05:00  INFO 17724 --- [horaclass] [    Test worker] .s.d.r.c.RepositoryConfigurationDelegate : Bootstrapping Spring Data JPA repositories in DEFAULT mode.
2026-04-17T00:36:46.658-05:00 DEBUG 17724 --- [horaclass] [    Test worker] o.s.b.f.s.DefaultListableBeanFactory     : Creating shared instance of singleton bean 'org.springframework.boot.autoconfigure.AutoConfigurationPackages'
2026-04-17T00:36:46.690-05:00 DEBUG 17724 --- [horaclass] [    Test worker] o.s.b.a.AutoConfigurationPackages        : @EnableAutoConfiguration was declared on a class in the package 'co.edu.unbosque.horaclass'. Automatic @Repository and @Entity scanning is enabled.
2026-04-17T00:36:46.696-05:00 DEBUG 17724 --- [horaclass] [    Test worker] .s.d.r.c.RepositoryConfigurationDelegate : Scanning for JPA repositories in packages co.edu.unbosque.horaclass.
2026-04-17T00:36:46.763-05:00 DEBUG 17724 --- [horaclass] [    Test worker] o.s.d.r.c.RepositoryComponentProvider    : Identified candidate component class: file [C:\Users\ERIKA\Downloads\Nueva carpeta (5)\ERIKA BD\backend\build\classes\java\main\co\edu\unbosque\horaclass\academy\repository\AreaConocimientoRepository.class]
2026-04-17T00:36:46.764-05:00 DEBUG 17724 --- [horaclass] [    Test worker] o.s.d.r.c.RepositoryComponentProvider    : Identified candidate component class: file [C:\Users\ERIKA\Downloads\Nueva carpeta (5)\ERIKA BD\backend\build\classes\java\main\co\edu\unbosque\horaclass\academy\repository\AulaRepository.class]
2026-04-17T00:36:46.765-05:00 DEBUG 17724 --- [horaclass] [    Test worker] o.s.d.r.c.RepositoryComponentProvider    : Identified candidate component class: file [C:\Users\ERIKA\Downloads\Nueva carpeta (5)\ERIKA BD\backend\build\classes\java\main\co\edu\unbosque\horaclass\academy\repository\CargoRepository.class]
2026-04-17T00:36:46.765-05:00 DEBUG 17724 --- [horaclass] [    Test worker] o.s.d.r.c.RepositoryComponentProvider    : Identified candidate component class: file [C:\Users\ERIKA\Downloads\Nueva carpeta (5)\ERIKA BD\backend\build\classes\java\main\co\edu\unbosque\horaclass\academy\repository\CursoRepository.class]
2026-04-17T00:36:46.767-05:00 DEBUG 17724 --- [horaclass] [    Test worker] o.s.d.r.c.RepositoryComponentProvider    : Identified candidate component class: file [C:\Users\ERIKA\Downloads\Nueva carpeta (5)\ERIKA BD\backend\build\classes\java\main\co\edu\unbosque\horaclass\academy\repository\DepartamentoRepository.class]
2026-04-17T00:36:46.767-05:00 DEBUG 17724 --- [horaclass] [    Test worker] o.s.d.r.c.RepositoryComponentProvider    : Identified candidate component class: file [C:\Users\ERIKA\Downloads\Nueva carpeta (5)\ERIKA BD\backend\build\classes\java\main\co\edu\unbosque\horaclass\academy\repository\DiaRepository.class]
2026-04-17T00:36:46.771-05:00 DEBUG 17724 --- [horaclass] [    Test worker] o.s.d.r.c.RepositoryComponentProvider    : Identified candidate component class: file [C:\Users\ERIKA\Downloads\Nueva carpeta (5)\ERIKA BD\backend\build\classes\java\main\co\edu\unbosque\horaclass\academy\repository\DirectivoRepository.class]
2026-04-17T00:36:46.775-05:00 DEBUG 17724 --- [horaclass] [    Test worker] o.s.d.r.c.RepositoryComponentProvider    : Identified candidate component class: file [C:\Users\ERIKA\Downloads\Nueva carpeta (5)\ERIKA BD\backend\build\classes\java\main\co\edu\unbosque\horaclass\academy\repository\EdificioRepository.class]
2026-04-17T00:36:46.776-05:00 DEBUG 17724 --- [horaclass] [    Test worker] o.s.d.r.c.RepositoryComponentProvider    : Identified candidate component class: file [C:\Users\ERIKA\Downloads\Nueva carpeta (5)\ERIKA BD\backend\build\classes\java\main\co\edu\unbosque\horaclass\academy\repository\EmpleadoRepository.class]
2026-04-17T00:36:46.776-05:00 DEBUG 17724 --- [horaclass] [    Test worker] o.s.d.r.c.RepositoryComponentProvider    : Identified candidate component class: file [C:\Users\ERIKA\Downloads\Nueva carpeta (5)\ERIKA BD\backend\build\classes\java\main\co\edu\unbosque\horaclass\academy\repository\EscalafonRepository.class]
2026-04-17T00:36:46.776-05:00 DEBUG 17724 --- [horaclass] [    Test worker] o.s.d.r.c.RepositoryComponentProvider    : Identified candidate component class: file [C:\Users\ERIKA\Downloads\Nueva carpeta (5)\ERIKA BD\backend\build\classes\java\main\co\edu\unbosque\horaclass\academy\repository\EstadoCursoRepository.class]
2026-04-17T00:36:46.777-05:00 DEBUG 17724 --- [horaclass] [    Test worker] o.s.d.r.c.RepositoryComponentProvider    : Identified candidate component class: file [C:\Users\ERIKA\Downloads\Nueva carpeta (5)\ERIKA BD\backend\build\classes\java\main\co\edu\unbosque\horaclass\academy\repository\EstadoGrupoRepository.class]
2026-04-17T00:36:46.777-05:00 DEBUG 17724 --- [horaclass] [    Test worker] o.s.d.r.c.RepositoryComponentProvider    : Identified candidate component class: file [C:\Users\ERIKA\Downloads\Nueva carpeta (5)\ERIKA BD\backend\build\classes\java\main\co\edu\unbosque\horaclass\academy\repository\EstadoInscripcionRepository.class]
2026-04-17T00:36:46.777-05:00 DEBUG 17724 --- [horaclass] [    Test worker] o.s.d.r.c.RepositoryComponentProvider    : Identified candidate component class: file [C:\Users\ERIKA\Downloads\Nueva carpeta (5)\ERIKA BD\backend\build\classes\java\main\co\edu\unbosque\horaclass\academy\repository\EstadoRepository.class]
2026-04-17T00:36:46.778-05:00 DEBUG 17724 --- [horaclass] [    Test worker] o.s.d.r.c.RepositoryComponentProvider    : Identified candidate component class: file [C:\Users\ERIKA\Downloads\Nueva carpeta (5)\ERIKA BD\backend\build\classes\java\main\co\edu\unbosque\horaclass\academy\repository\EstudianteRepository.class]
2026-04-17T00:36:46.778-05:00 DEBUG 17724 --- [horaclass] [    Test worker] o.s.d.r.c.RepositoryComponentProvider    : Identified candidate component class: file [C:\Users\ERIKA\Downloads\Nueva carpeta (5)\ERIKA BD\backend\build\classes\java\main\co\edu\unbosque\horaclass\academy\repository\EstudioEmpleadoRepository.class]
2026-04-17T00:36:46.778-05:00 DEBUG 17724 --- [horaclass] [    Test worker] o.s.d.r.c.RepositoryComponentProvider    : Identified candidate component class: file [C:\Users\ERIKA\Downloads\Nueva carpeta (5)\ERIKA BD\backend\build\classes\java\main\co\edu\unbosque\horaclass\academy\repository\GrupoRepository.class]
2026-04-17T00:36:46.778-05:00 DEBUG 17724 --- [horaclass] [    Test worker] o.s.d.r.c.RepositoryComponentProvider    : Identified candidate component class: file [C:\Users\ERIKA\Downloads\Nueva carpeta (5)\ERIKA BD\backend\build\classes\java\main\co\edu\unbosque\horaclass\academy\repository\InscripcionRepository.class]
2026-04-17T00:36:46.779-05:00 DEBUG 17724 --- [horaclass] [    Test worker] o.s.d.r.c.RepositoryComponentProvider    : Identified candidate component class: file [C:\Users\ERIKA\Downloads\Nueva carpeta (5)\ERIKA BD\backend\build\classes\java\main\co\edu\unbosque\horaclass\academy\repository\InstitucionRepository.class]
2026-04-17T00:36:46.779-05:00 DEBUG 17724 --- [horaclass] [    Test worker] o.s.d.r.c.RepositoryComponentProvider    : Identified candidate component class: file [C:\Users\ERIKA\Downloads\Nueva carpeta (5)\ERIKA BD\backend\build\classes\java\main\co\edu\unbosque\horaclass\academy\repository\ModalidadContratoRepository.class]
2026-04-17T00:36:46.779-05:00 DEBUG 17724 --- [horaclass] [    Test worker] o.s.d.r.c.RepositoryComponentProvider    : Identified candidate component class: file [C:\Users\ERIKA\Downloads\Nueva carpeta (5)\ERIKA BD\backend\build\classes\java\main\co\edu\unbosque\horaclass\academy\repository\ModalidadCursoRepository.class]
2026-04-17T00:36:46.779-05:00 DEBUG 17724 --- [horaclass] [    Test worker] o.s.d.r.c.RepositoryComponentProvider    : Identified candidate component class: file [C:\Users\ERIKA\Downloads\Nueva carpeta (5)\ERIKA BD\backend\build\classes\java\main\co\edu\unbosque\horaclass\academy\repository\NivelAcademicoRepository.class]
2026-04-17T00:36:46.780-05:00 DEBUG 17724 --- [horaclass] [    Test worker] o.s.d.r.c.RepositoryComponentProvider    : Identified candidate component class: file [C:\Users\ERIKA\Downloads\Nueva carpeta (5)\ERIKA BD\backend\build\classes\java\main\co\edu\unbosque\horaclass\academy\repository\ParametroPeriodoRepository.class]
2026-04-17T00:36:46.780-05:00 DEBUG 17724 --- [horaclass] [    Test worker] o.s.d.r.c.RepositoryComponentProvider    : Identified candidate component class: file [C:\Users\ERIKA\Downloads\Nueva carpeta (5)\ERIKA BD\backend\build\classes\java\main\co\edu\unbosque\horaclass\academy\repository\PeriodoRepository.class]
2026-04-17T00:36:46.780-05:00 DEBUG 17724 --- [horaclass] [    Test worker] o.s.d.r.c.RepositoryComponentProvider    : Identified candidate component class: file [C:\Users\ERIKA\Downloads\Nueva carpeta (5)\ERIKA BD\backend\build\classes\java\main\co\edu\unbosque\horaclass\academy\repository\PregradoRepository.class]
2026-04-17T00:36:46.780-05:00 DEBUG 17724 --- [horaclass] [    Test worker] o.s.d.r.c.RepositoryComponentProvider    : Identified candidate component class: file [C:\Users\ERIKA\Downloads\Nueva carpeta (5)\ERIKA BD\backend\build\classes\java\main\co\edu\unbosque\horaclass\academy\repository\ProfesorCursoRepository.class]
2026-04-17T00:36:46.781-05:00 DEBUG 17724 --- [horaclass] [    Test worker] o.s.d.r.c.RepositoryComponentProvider    : Identified candidate component class: file [C:\Users\ERIKA\Downloads\Nueva carpeta (5)\ERIKA BD\backend\build\classes\java\main\co\edu\unbosque\horaclass\academy\repository\ProfesorRepository.class]
2026-04-17T00:36:46.781-05:00 DEBUG 17724 --- [horaclass] [    Test worker] o.s.d.r.c.RepositoryComponentProvider    : Identified candidate component class: file [C:\Users\ERIKA\Downloads\Nueva carpeta (5)\ERIKA BD\backend\build\classes\java\main\co\edu\unbosque\horaclass\academy\repository\RestriccionProfesorRepository.class]
2026-04-17T00:36:46.781-05:00 DEBUG 17724 --- [horaclass] [    Test worker] o.s.d.r.c.RepositoryComponentProvider    : Identified candidate component class: file [C:\Users\ERIKA\Downloads\Nueva carpeta (5)\ERIKA BD\backend\build\classes\java\main\co\edu\unbosque\horaclass\academy\repository\SesionRepository.class]
2026-04-17T00:36:46.781-05:00 DEBUG 17724 --- [horaclass] [    Test worker] o.s.d.r.c.RepositoryComponentProvider    : Identified candidate component class: file [C:\Users\ERIKA\Downloads\Nueva carpeta (5)\ERIKA BD\backend\build\classes\java\main\co\edu\unbosque\horaclass\academy\repository\TipoAulaRepository.class]
2026-04-17T00:36:46.782-05:00 DEBUG 17724 --- [horaclass] [    Test worker] o.s.d.r.c.RepositoryComponentProvider    : Identified candidate component class: file [C:\Users\ERIKA\Downloads\Nueva carpeta (5)\ERIKA BD\backend\build\classes\java\main\co\edu\unbosque\horaclass\academy\repository\TipoCursoRepository.class]
2026-04-17T00:36:46.782-05:00 DEBUG 17724 --- [horaclass] [    Test worker] o.s.d.r.c.RepositoryComponentProvider    : Identified candidate component class: file [C:\Users\ERIKA\Downloads\Nueva carpeta (5)\ERIKA BD\backend\build\classes\java\main\co\edu\unbosque\horaclass\academy\repository\TipoDocumentoRepository.class]
2026-04-17T00:36:46.793-05:00 DEBUG 17724 --- [horaclass] [    Test worker] o.s.d.r.c.RepositoryComponentProvider    : Identified candidate component class: file [C:\Users\ERIKA\Downloads\Nueva carpeta (5)\ERIKA BD\backend\build\classes\java\main\co\edu\unbosque\horaclass\academy\repository\TipoMatriculaRepository.class]
2026-04-17T00:36:46.794-05:00 DEBUG 17724 --- [horaclass] [    Test worker] o.s.d.r.c.RepositoryComponentProvider    : Identified candidate component class: file [C:\Users\ERIKA\Downloads\Nueva carpeta (5)\ERIKA BD\backend\build\classes\java\main\co\edu\unbosque\horaclass\academy\repository\TipoSillasRepository.class]
2026-04-17T00:36:46.954-05:00 DEBUG 17724 --- [horaclass] [    Test worker] o.s.d.r.c.RepositoryComponentProvider    : Identified candidate component class: file [C:\Users\ERIKA\Downloads\Nueva carpeta (5)\ERIKA BD\backend\build\classes\java\main\co\edu\unbosque\horaclass\user\repository\UserRepository.class]
2026-04-17T00:36:47.384-05:00 DEBUG 17724 --- [horaclass] [    Test worker] ssPathScanningCandidateComponentProvider : Identified candidate component class: file [C:\Users\ERIKA\Downloads\Nueva carpeta (5)\ERIKA BD\backend\build\classes\java\main\co\edu\unbosque\horaclass\academy\service\impl\AreaConocimientoServiceImpl.class]
2026-04-17T00:36:47.386-05:00 DEBUG 17724 --- [horaclass] [    Test worker] ssPathScanningCandidateComponentProvider : Identified candidate component class: file [C:\Users\ERIKA\Downloads\Nueva carpeta (5)\ERIKA BD\backend\build\classes\java\main\co\edu\unbosque\horaclass\academy\service\impl\AulaServiceImpl.class]
2026-04-17T00:36:47.387-05:00 DEBUG 17724 --- [horaclass] [    Test worker] ssPathScanningCandidateComponentProvider : Identified candidate component class: file [C:\Users\ERIKA\Downloads\Nueva carpeta (5)\ERIKA BD\backend\build\classes\java\main\co\edu\unbosque\horaclass\academy\service\impl\CargoServiceImpl.class]
2026-04-17T00:36:47.387-05:00 DEBUG 17724 --- [horaclass] [    Test worker] ssPathScanningCandidateComponentProvider : Identified candidate component class: file [C:\Users\ERIKA\Downloads\Nueva carpeta (5)\ERIKA BD\backend\build\classes\java\main\co\edu\unbosque\horaclass\academy\service\impl\CursoServiceImpl.class]
2026-04-17T00:36:47.388-05:00 DEBUG 17724 --- [horaclass] [    Test worker] ssPathScanningCandidateComponentProvider : Identified candidate component class: file [C:\Users\ERIKA\Downloads\Nueva carpeta (5)\ERIKA BD\backend\build\classes\java\main\co\edu\unbosque\horaclass\academy\service\impl\DepartamentoServiceImpl.class]
2026-04-17T00:36:47.390-05:00 DEBUG 17724 --- [horaclass] [    Test worker] ssPathScanningCandidateComponentProvider : Identified candidate component class: file [C:\Users\ERIKA\Downloads\Nueva carpeta (5)\ERIKA BD\backend\build\classes\java\main\co\edu\unbosque\horaclass\academy\service\impl\DiaServiceImpl.class]
2026-04-17T00:36:47.391-05:00 DEBUG 17724 --- [horaclass] [    Test worker] ssPathScanningCandidateComponentProvider : Identified candidate component class: file [C:\Users\ERIKA\Downloads\Nueva carpeta (5)\ERIKA BD\backend\build\classes\java\main\co\edu\unbosque\horaclass\academy\service\impl\DirectivoServiceImpl.class]
2026-04-17T00:36:47.391-05:00 DEBUG 17724 --- [horaclass] [    Test worker] ssPathScanningCandidateComponentProvider : Identified candidate component class: file [C:\Users\ERIKA\Downloads\Nueva carpeta (5)\ERIKA BD\backend\build\classes\java\main\co\edu\unbosque\horaclass\academy\service\impl\EdificioServiceImpl.class]
2026-04-17T00:36:47.392-05:00 DEBUG 17724 --- [horaclass] [    Test worker] ssPathScanningCandidateComponentProvider : Identified candidate component class: file [C:\Users\ERIKA\Downloads\Nueva carpeta (5)\ERIKA BD\backend\build\classes\java\main\co\edu\unbosque\horaclass\academy\service\impl\EmpleadoServiceImpl.class]
2026-04-17T00:36:47.392-05:00 DEBUG 17724 --- [horaclass] [    Test worker] ssPathScanningCandidateComponentProvider : Identified candidate component class: file [C:\Users\ERIKA\Downloads\Nueva carpeta (5)\ERIKA BD\backend\build\classes\java\main\co\edu\unbosque\horaclass\academy\service\impl\EscalafonServiceImpl.class]
2026-04-17T00:36:47.393-05:00 DEBUG 17724 --- [horaclass] [    Test worker] ssPathScanningCandidateComponentProvider : Identified candidate component class: file [C:\Users\ERIKA\Downloads\Nueva carpeta (5)\ERIKA BD\backend\build\classes\java\main\co\edu\unbosque\horaclass\academy\service\impl\EstadoCursoServiceImpl.class]
2026-04-17T00:36:47.394-05:00 DEBUG 17724 --- [horaclass] [    Test worker] ssPathScanningCandidateComponentProvider : Identified candidate component class: file [C:\Users\ERIKA\Downloads\Nueva carpeta (5)\ERIKA BD\backend\build\classes\java\main\co\edu\unbosque\horaclass\academy\service\impl\EstadoGrupoServiceImpl.class]
2026-04-17T00:36:47.394-05:00 DEBUG 17724 --- [horaclass] [    Test worker] ssPathScanningCandidateComponentProvider : Identified candidate component class: file [C:\Users\ERIKA\Downloads\Nueva carpeta (5)\ERIKA BD\backend\build\classes\java\main\co\edu\unbosque\horaclass\academy\service\impl\EstadoInscripcionServiceImpl.class]
2026-04-17T00:36:47.395-05:00 DEBUG 17724 --- [horaclass] [    Test worker] ssPathScanningCandidateComponentProvider : Identified candidate component class: file [C:\Users\ERIKA\Downloads\Nueva carpeta (5)\ERIKA BD\backend\build\classes\java\main\co\edu\unbosque\horaclass\academy\service\impl\EstadoServiceImpl.class]
2026-04-17T00:36:47.396-05:00 DEBUG 17724 --- [horaclass] [    Test worker] ssPathScanningCandidateComponentProvider : Identified candidate component class: file [C:\Users\ERIKA\Downloads\Nueva carpeta (5)\ERIKA BD\backend\build\classes\java\main\co\edu\unbosque\horaclass\academy\service\impl\EstudianteServiceImpl.class]
2026-04-17T00:36:47.397-05:00 DEBUG 17724 --- [horaclass] [    Test worker] ssPathScanningCandidateComponentProvider : Identified candidate component class: file [C:\Users\ERIKA\Downloads\Nueva carpeta (5)\ERIKA BD\backend\build\classes\java\main\co\edu\unbosque\horaclass\academy\service\impl\EstudioEmpleadoServiceImpl.class]
2026-04-17T00:36:47.398-05:00 DEBUG 17724 --- [horaclass] [    Test worker] ssPathScanningCandidateComponentProvider : Identified candidate component class: file [C:\Users\ERIKA\Downloads\Nueva carpeta (5)\ERIKA BD\backend\build\classes\java\main\co\edu\unbosque\horaclass\academy\service\impl\GrupoServiceImpl.class]
2026-04-17T00:36:47.398-05:00 DEBUG 17724 --- [horaclass] [    Test worker] ssPathScanningCandidateComponentProvider : Identified candidate component class: file [C:\Users\ERIKA\Downloads\Nueva carpeta (5)\ERIKA BD\backend\build\classes\java\main\co\edu\unbosque\horaclass\academy\service\impl\InscripcionServiceImpl.class]
2026-04-17T00:36:47.398-05:00 DEBUG 17724 --- [horaclass] [    Test worker] ssPathScanningCandidateComponentProvider : Identified candidate component class: file [C:\Users\ERIKA\Downloads\Nueva carpeta (5)\ERIKA BD\backend\build\classes\java\main\co\edu\unbosque\horaclass\academy\service\impl\InstitucionServiceImpl.class]
2026-04-17T00:36:47.399-05:00 DEBUG 17724 --- [horaclass] [    Test worker] ssPathScanningCandidateComponentProvider : Identified candidate component class: file [C:\Users\ERIKA\Downloads\Nueva carpeta (5)\ERIKA BD\backend\build\classes\java\main\co\edu\unbosque\horaclass\academy\service\impl\ModalidadContratoServiceImpl.class]
2026-04-17T00:36:47.399-05:00 DEBUG 17724 --- [horaclass] [    Test worker] ssPathScanningCandidateComponentProvider : Identified candidate component class: file [C:\Users\ERIKA\Downloads\Nueva carpeta (5)\ERIKA BD\backend\build\classes\java\main\co\edu\unbosque\horaclass\academy\service\impl\ModalidadCursoServiceImpl.class]
2026-04-17T00:36:47.400-05:00 DEBUG 17724 --- [horaclass] [    Test worker] ssPathScanningCandidateComponentProvider : Identified candidate component class: file [C:\Users\ERIKA\Downloads\Nueva carpeta (5)\ERIKA BD\backend\build\classes\java\main\co\edu\unbosque\horaclass\academy\service\impl\NivelAcademicoServiceImpl.class]
2026-04-17T00:36:47.402-05:00 DEBUG 17724 --- [horaclass] [    Test worker] ssPathScanningCandidateComponentProvider : Identified candidate component class: file [C:\Users\ERIKA\Downloads\Nueva carpeta (5)\ERIKA BD\backend\build\classes\java\main\co\edu\unbosque\horaclass\academy\service\impl\ParametroPeriodoServiceImpl.class]
2026-04-17T00:36:47.403-05:00 DEBUG 17724 --- [horaclass] [    Test worker] ssPathScanningCandidateComponentProvider : Identified candidate component class: file [C:\Users\ERIKA\Downloads\Nueva carpeta (5)\ERIKA BD\backend\build\classes\java\main\co\edu\unbosque\horaclass\academy\service\impl\PeriodoServiceImpl.class]
2026-04-17T00:36:47.404-05:00 DEBUG 17724 --- [horaclass] [    Test worker] ssPathScanningCandidateComponentProvider : Identified candidate component class: file [C:\Users\ERIKA\Downloads\Nueva carpeta (5)\ERIKA BD\backend\build\classes\java\main\co\edu\unbosque\horaclass\academy\service\impl\PregradoServiceImpl.class]
2026-04-17T00:36:47.404-05:00 DEBUG 17724 --- [horaclass] [    Test worker] ssPathScanningCandidateComponentProvider : Identified candidate component class: file [C:\Users\ERIKA\Downloads\Nueva carpeta (5)\ERIKA BD\backend\build\classes\java\main\co\edu\unbosque\horaclass\academy\service\impl\ProfesorCursoServiceImpl.class]
2026-04-17T00:36:47.405-05:00 DEBUG 17724 --- [horaclass] [    Test worker] ssPathScanningCandidateComponentProvider : Identified candidate component class: file [C:\Users\ERIKA\Downloads\Nueva carpeta (5)\ERIKA BD\backend\build\classes\java\main\co\edu\unbosque\horaclass\academy\service\impl\ProfesorServiceImpl.class]
2026-04-17T00:36:47.407-05:00 DEBUG 17724 --- [horaclass] [    Test worker] ssPathScanningCandidateComponentProvider : Identified candidate component class: file [C:\Users\ERIKA\Downloads\Nueva carpeta (5)\ERIKA BD\backend\build\classes\java\main\co\edu\unbosque\horaclass\academy\service\impl\RestriccionProfesorServiceImpl.class]
2026-04-17T00:36:47.408-05:00 DEBUG 17724 --- [horaclass] [    Test worker] ssPathScanningCandidateComponentProvider : Identified candidate component class: file [C:\Users\ERIKA\Downloads\Nueva carpeta (5)\ERIKA BD\backend\build\classes\java\main\co\edu\unbosque\horaclass\academy\service\impl\SesionServiceImpl.class]
2026-04-17T00:36:47.408-05:00 DEBUG 17724 --- [horaclass] [    Test worker] ssPathScanningCandidateComponentProvider : Identified candidate component class: file [C:\Users\ERIKA\Downloads\Nueva carpeta (5)\ERIKA BD\backend\build\classes\java\main\co\edu\unbosque\horaclass\academy\service\impl\TipoAulaServiceImpl.class]
2026-04-17T00:36:47.409-05:00 DEBUG 17724 --- [horaclass] [    Test worker] ssPathScanningCandidateComponentProvider : Identified candidate component class: file [C:\Users\ERIKA\Downloads\Nueva carpeta (5)\ERIKA BD\backend\build\classes\java\main\co\edu\unbosque\horaclass\academy\service\impl\TipoCursoServiceImpl.class]
2026-04-17T00:36:47.409-05:00 DEBUG 17724 --- [horaclass] [    Test worker] ssPathScanningCandidateComponentProvider : Identified candidate component class: file [C:\Users\ERIKA\Downloads\Nueva carpeta (5)\ERIKA BD\backend\build\classes\java\main\co\edu\unbosque\horaclass\academy\service\impl\TipoDocumentoServiceImpl.class]
2026-04-17T00:36:47.411-05:00 DEBUG 17724 --- [horaclass] [    Test worker] ssPathScanningCandidateComponentProvider : Identified candidate component class: file [C:\Users\ERIKA\Downloads\Nueva carpeta (5)\ERIKA BD\backend\build\classes\java\main\co\edu\unbosque\horaclass\academy\service\impl\TipoMatriculaServiceImpl.class]
2026-04-17T00:36:47.411-05:00 DEBUG 17724 --- [horaclass] [    Test worker] ssPathScanningCandidateComponentProvider : Identified candidate component class: file [C:\Users\ERIKA\Downloads\Nueva carpeta (5)\ERIKA BD\backend\build\classes\java\main\co\edu\unbosque\horaclass\academy\service\impl\TipoSillasServiceImpl.class]
2026-04-17T00:36:47.829-05:00  INFO 17724 --- [horaclass] [    Test worker] .s.d.r.c.RepositoryConfigurationDelegate : Finished Spring Data repository scanning in 1124 ms. Found 35 JPA repository interfaces.
2026-04-17T00:36:48.737-05:00 DEBUG 17724 --- [horaclass] [    Test worker] o.s.b.f.s.DefaultListableBeanFactory     : Creating shared instance of singleton bean 'propertySourcesPlaceholderConfigurer'
2026-04-17T00:36:48.759-05:00 DEBUG 17724 --- [horaclass] [    Test worker] o.s.b.f.s.DefaultListableBeanFactory     : Creating shared instance of singleton bean 'org.springframework.boot.test.mock.mockito.MockitoPostProcessor'
2026-04-17T00:36:48.762-05:00 DEBUG 17724 --- [horaclass] [    Test worker] o.s.b.f.s.DefaultListableBeanFactory     : Creating shared instance of singleton bean 'emBeanDefinitionRegistrarPostProcessor'
2026-04-17T00:36:48.764-05:00 DEBUG 17724 --- [horaclass] [    Test worker] o.s.b.f.s.DefaultListableBeanFactory     : Creating shared instance of singleton bean 'org.springframework.boot.sql.init.dependency.DatabaseInitializationDependencyConfigurer$DependsOnDatabaseInitializationPostProcessor'
2026-04-17T00:36:49.087-05:00 DEBUG 17724 --- [horaclass] [    Test worker] o.s.b.f.s.DefaultListableBeanFactory     : Creating shared instance of singleton bean 'org.springframework.context.event.internalEventListenerProcessor'
2026-04-17T00:36:49.093-05:00 DEBUG 17724 --- [horaclass] [    Test worker] o.s.b.f.s.DefaultListableBeanFactory     : Creating shared instance of singleton bean 'preserveErrorControllerTargetClassPostProcessor'
2026-04-17T00:36:49.096-05:00 DEBUG 17724 --- [horaclass] [    Test worker] o.s.b.f.s.DefaultListableBeanFactory     : Creating shared instance of singleton bean 'org.springframework.context.event.internalEventListenerFactory'
2026-04-17T00:36:49.097-05:00 DEBUG 17724 --- [horaclass] [    Test worker] o.s.b.f.s.DefaultListableBeanFactory     : Creating shared instance of singleton bean 'org.springframework.transaction.config.internalTransactionalEventListenerFactory'
2026-04-17T00:36:49.113-05:00 DEBUG 17724 --- [horaclass] [    Test worker] o.s.b.f.s.DefaultListableBeanFactory     : Creating shared instance of singleton bean 'org.springframework.boot.test.mock.mockito.MockitoPostProcessor$SpyPostProcessor'
2026-04-17T00:36:49.117-05:00 DEBUG 17724 --- [horaclass] [    Test worker] o.s.b.f.s.DefaultListableBeanFactory     : Creating shared instance of singleton bean 'org.springframework.context.annotation.internalAutowiredAnnotationProcessor'
2026-04-17T00:36:49.128-05:00 DEBUG 17724 --- [horaclass] [    Test worker] o.s.b.f.s.DefaultListableBeanFactory     : Creating shared instance of singleton bean 'org.springframework.context.annotation.internalCommonAnnotationProcessor'
2026-04-17T00:36:49.155-05:00 DEBUG 17724 --- [horaclass] [    Test worker] o.s.b.f.s.DefaultListableBeanFactory     : Creating shared instance of singleton bean 'org.springframework.context.annotation.internalPersistenceAnnotationProcessor'
2026-04-17T00:36:49.157-05:00 DEBUG 17724 --- [horaclass] [    Test worker] o.s.b.f.s.DefaultListableBeanFactory     : Creating shared instance of singleton bean 'org.springframework.boot.context.properties.ConfigurationPropertiesBindingPostProcessor'
2026-04-17T00:36:49.159-05:00 DEBUG 17724 --- [horaclass] [    Test worker] o.s.b.f.s.DefaultListableBeanFactory     : Creating shared instance of singleton bean 'org.springframework.boot.context.internalConfigurationPropertiesBinder'
2026-04-17T00:36:49.176-05:00 DEBUG 17724 --- [horaclass] [    Test worker] o.s.b.f.s.DefaultListableBeanFactory     : Creating shared instance of singleton bean 'jdbcConnectionDetailsHikariBeanPostProcessor'
2026-04-17T00:36:49.194-05:00 DEBUG 17724 --- [horaclass] [    Test worker] o.s.b.f.s.DefaultListableBeanFactory     : Creating shared instance of singleton bean 'org.springframework.aop.config.internalAutoProxyCreator'
2026-04-17T00:36:49.349-05:00 DEBUG 17724 --- [horaclass] [    Test worker] o.s.b.f.s.DefaultListableBeanFactory     : Creating shared instance of singleton bean 'persistenceExceptionTranslationPostProcessor'
2026-04-17T00:36:49.493-05:00 DEBUG 17724 --- [horaclass] [    Test worker] o.s.b.f.s.DefaultListableBeanFactory     : Autowiring by type from bean name 'persistenceExceptionTranslationPostProcessor' via factory method to bean named 'environment'
2026-04-17T00:36:49.513-05:00 DEBUG 17724 --- [horaclass] [    Test worker] o.s.b.f.s.DefaultListableBeanFactory     : Creating shared instance of singleton bean 'webServerFactoryCustomizerBeanPostProcessor'
2026-04-17T00:36:49.516-05:00 DEBUG 17724 --- [horaclass] [    Test worker] o.s.b.f.s.DefaultListableBeanFactory     : Creating shared instance of singleton bean 'errorPageRegistrarBeanPostProcessor'
2026-04-17T00:36:49.523-05:00 DEBUG 17724 --- [horaclass] [    Test worker] o.s.b.f.s.DefaultListableBeanFactory     : Creating shared instance of singleton bean 'projectingArgumentResolverBeanPostProcessor'
2026-04-17T00:36:49.528-05:00 DEBUG 17724 --- [horaclass] [    Test worker] o.s.b.f.s.DefaultListableBeanFactory     : Creating shared instance of singleton bean 'org.springframework.transaction.config.internalTransactionAdvisor'
2026-04-17T00:36:49.529-05:00 DEBUG 17724 --- [horaclass] [    Test worker] o.s.b.f.s.DefaultListableBeanFactory     : Creating shared instance of singleton bean 'org.springframework.transaction.annotation.ProxyTransactionManagementConfiguration'
2026-04-17T00:36:49.593-05:00 DEBUG 17724 --- [horaclass] [    Test worker] o.s.b.f.s.DefaultListableBeanFactory     : Creating shared instance of singleton bean 'transactionAttributeSource'
2026-04-17T00:36:49.599-05:00 DEBUG 17724 --- [horaclass] [    Test worker] o.s.b.f.s.DefaultListableBeanFactory     : Creating shared instance of singleton bean 'transactionInterceptor'
2026-04-17T00:36:49.608-05:00 DEBUG 17724 --- [horaclass] [    Test worker] o.s.b.f.s.DefaultListableBeanFactory     : Autowiring by type from bean name 'transactionInterceptor' via factory method to bean named 'transactionAttributeSource'
2026-04-17T00:36:49.640-05:00 DEBUG 17724 --- [horaclass] [    Test worker] o.s.b.f.s.DefaultListableBeanFactory     : Autowiring by type from bean name 'org.springframework.transaction.config.internalTransactionAdvisor' via factory method to bean named 'transactionAttributeSource'
2026-04-17T00:36:49.641-05:00 DEBUG 17724 --- [horaclass] [    Test worker] o.s.b.f.s.DefaultListableBeanFactory     : Autowiring by type from bean name 'org.springframework.transaction.config.internalTransactionAdvisor' via factory method to bean named 'transactionInterceptor'
2026-04-17T00:36:49.754-05:00 DEBUG 17724 --- [horaclass] [    Test worker] o.s.u.c.s.UiApplicationContextUtils      : Unable to locate ThemeSource with name 'themeSource': using default [org.springframework.ui.context.support.ResourceBundleThemeSource@5d71b500]
2026-04-17T00:36:49.767-05:00 DEBUG 17724 --- [horaclass] [    Test worker] o.s.b.f.s.DefaultListableBeanFactory     : Creating shared instance of singleton bean 'dataSourceScriptDatabaseInitializer'
2026-04-17T00:36:49.768-05:00 DEBUG 17724 --- [horaclass] [    Test worker] o.s.b.f.s.DefaultListableBeanFactory     : Creating shared instance of singleton bean 'org.springframework.boot.autoconfigure.sql.init.DataSourceInitializationConfiguration'
2026-04-17T00:36:49.774-05:00 DEBUG 17724 --- [horaclass] [    Test worker] o.s.b.f.s.DefaultListableBeanFactory     : Creating shared instance of singleton bean 'dataSource'
2026-04-17T00:36:49.774-05:00 DEBUG 17724 --- [horaclass] [    Test worker] o.s.b.f.s.DefaultListableBeanFactory     : Creating shared instance of singleton bean 'org.springframework.boot.autoconfigure.jdbc.DataSourceConfiguration$Hikari'
2026-04-17T00:36:49.774-05:00 DEBUG 17724 --- [horaclass] [    Test worker] o.s.b.f.s.DefaultListableBeanFactory     : Creating shared instance of singleton bean 'spring.datasource-org.springframework.boot.autoconfigure.jdbc.DataSourceProperties'
2026-04-17T00:36:49.785-05:00 DEBUG 17724 --- [horaclass] [    Test worker] o.s.b.f.s.DefaultListableBeanFactory     : Creating shared instance of singleton bean 'org.springframework.boot.context.properties.BoundConfigurationProperties'
2026-04-17T00:36:49.875-05:00 DEBUG 17724 --- [horaclass] [    Test worker] o.s.b.f.s.DefaultListableBeanFactory     : Creating shared instance of singleton bean 'jdbcConnectionDetails'
2026-04-17T00:36:49.876-05:00 DEBUG 17724 --- [horaclass] [    Test worker] o.s.b.f.s.DefaultListableBeanFactory     : Creating shared instance of singleton bean 'org.springframework.boot.autoconfigure.jdbc.DataSourceAutoConfiguration$PooledDataSourceConfiguration'
2026-04-17T00:36:49.880-05:00 DEBUG 17724 --- [horaclass] [    Test worker] o.s.b.f.s.DefaultListableBeanFactory     : Autowiring by type from bean name 'jdbcConnectionDetails' via factory method to bean named 'spring.datasource-org.springframework.boot.autoconfigure.jdbc.DataSourceProperties'
2026-04-17T00:36:49.887-05:00 DEBUG 17724 --- [horaclass] [    Test worker] o.s.b.f.s.DefaultListableBeanFactory     : Autowiring by type from bean name 'dataSource' via factory method to bean named 'spring.datasource-org.springframework.boot.autoconfigure.jdbc.DataSourceProperties'
2026-04-17T00:36:49.887-05:00 DEBUG 17724 --- [horaclass] [    Test worker] o.s.b.f.s.DefaultListableBeanFactory     : Autowiring by type from bean name 'dataSource' via factory method to bean named 'jdbcConnectionDetails'
2026-04-17T00:36:50.012-05:00 DEBUG 17724 --- [horaclass] [    Test worker] o.s.b.f.s.DefaultListableBeanFactory     : Creating shared instance of singleton bean 'spring.sql.init-org.springframework.boot.autoconfigure.sql.init.SqlInitializationProperties'
2026-04-17T00:36:50.080-05:00 DEBUG 17724 --- [horaclass] [    Test worker] o.s.b.f.s.DefaultListableBeanFactory     : Autowiring by type from bean name 'dataSourceScriptDatabaseInitializer' via factory method to bean named 'dataSource'
2026-04-17T00:36:50.080-05:00 DEBUG 17724 --- [horaclass] [    Test worker] o.s.b.f.s.DefaultListableBeanFactory     : Autowiring by type from bean name 'dataSourceScriptDatabaseInitializer' via factory method to bean named 'spring.sql.init-org.springframework.boot.autoconfigure.sql.init.SqlInitializationProperties'
2026-04-17T00:36:50.099-05:00 DEBUG 17724 --- [horaclass] [    Test worker] o.s.b.f.s.DefaultListableBeanFactory     : Creating shared instance of singleton bean 'entityManagerFactory'
2026-04-17T00:36:50.100-05:00 DEBUG 17724 --- [horaclass] [    Test worker] o.s.b.f.s.DefaultListableBeanFactory     : Creating shared instance of singleton bean 'org.springframework.boot.autoconfigure.orm.jpa.HibernateJpaConfiguration'
2026-04-17T00:36:50.107-05:00 DEBUG 17724 --- [horaclass] [    Test worker] o.s.b.f.s.DefaultListableBeanFactory     : Creating shared instance of singleton bean 'spring.jpa-org.springframework.boot.autoconfigure.orm.jpa.JpaProperties'
2026-04-17T00:36:50.127-05:00 DEBUG 17724 --- [horaclass] [    Test worker] o.s.b.f.s.DefaultListableBeanFactory     : Creating shared instance of singleton bean 'spring.jpa.hibernate-org.springframework.boot.autoconfigure.orm.jpa.HibernateProperties'
2026-04-17T00:36:50.143-05:00 DEBUG 17724 --- [horaclass] [    Test worker] o.s.b.f.s.DefaultListableBeanFactory     : Autowiring by type from bean name 'org.springframework.boot.autoconfigure.orm.jpa.HibernateJpaConfiguration' via constructor to bean named 'dataSource'
2026-04-17T00:36:50.144-05:00 DEBUG 17724 --- [horaclass] [    Test worker] o.s.b.f.s.DefaultListableBeanFactory     : Autowiring by type from bean name 'org.springframework.boot.autoconfigure.orm.jpa.HibernateJpaConfiguration' via constructor to bean named 'spring.jpa-org.springframework.boot.autoconfigure.orm.jpa.JpaProperties'
2026-04-17T00:36:50.145-05:00 DEBUG 17724 --- [horaclass] [    Test worker] o.s.b.f.s.DefaultListableBeanFactory     : Autowiring by type from bean name 'org.springframework.boot.autoconfigure.orm.jpa.HibernateJpaConfiguration' via constructor to bean named 'org.springframework.beans.factory.support.DefaultListableBeanFactory@563a89b5'
2026-04-17T00:36:50.145-05:00 DEBUG 17724 --- [horaclass] [    Test worker] o.s.b.f.s.DefaultListableBeanFactory     : Autowiring by type from bean name 'org.springframework.boot.autoconfigure.orm.jpa.HibernateJpaConfiguration' via constructor to bean named 'spring.jpa.hibernate-org.springframework.boot.autoconfigure.orm.jpa.HibernateProperties'
2026-04-17T00:36:50.177-05:00 DEBUG 17724 --- [horaclass] [    Test worker] o.s.b.f.s.DefaultListableBeanFactory     : Creating shared instance of singleton bean 'hikariPoolDataSourceMetadataProvider'
2026-04-17T00:36:50.179-05:00 DEBUG 17724 --- [horaclass] [    Test worker] o.s.b.f.s.DefaultListableBeanFactory     : Creating shared instance of singleton bean 'org.springframework.boot.autoconfigure.jdbc.metadata.DataSourcePoolMetadataProvidersConfiguration$HikariPoolDataSourceMetadataProviderConfiguration'
2026-04-17T00:36:50.218-05:00 DEBUG 17724 --- [horaclass] [    Test worker] o.s.b.f.s.DefaultListableBeanFactory     : Creating shared instance of singleton bean 'entityManagerFactoryBuilder'
2026-04-17T00:36:50.227-05:00 DEBUG 17724 --- [horaclass] [    Test worker] o.s.b.f.s.DefaultListableBeanFactory     : Creating shared instance of singleton bean 'jpaVendorAdapter'
2026-04-17T00:36:50.344-05:00 DEBUG 17724 --- [horaclass] [    Test worker] o.s.b.f.s.DefaultListableBeanFactory     : Autowiring by type from bean name 'entityManagerFactoryBuilder' via factory method to bean named 'jpaVendorAdapter'
2026-04-17T00:36:50.361-05:00 DEBUG 17724 --- [horaclass] [    Test worker] o.s.b.f.s.DefaultListableBeanFactory     : Creating shared instance of singleton bean 'persistenceManagedTypes'
2026-04-17T00:36:50.365-05:00 DEBUG 17724 --- [horaclass] [    Test worker] o.s.b.f.s.DefaultListableBeanFactory     : Autowiring by type from bean name 'persistenceManagedTypes' via factory method to bean named 'org.springframework.beans.factory.support.DefaultListableBeanFactory@563a89b5'
2026-04-17T00:36:50.366-05:00 DEBUG 17724 --- [horaclass] [    Test worker] o.s.b.f.s.DefaultListableBeanFactory     : Autowiring by type from bean name 'persistenceManagedTypes' via factory method to bean named 'org.springframework.web.context.support.GenericWebApplicationContext@d8948cd'
2026-04-17T00:36:50.431-05:00 DEBUG 17724 --- [horaclass] [    Test worker] o.s.b.f.s.DefaultListableBeanFactory     : Autowiring by type from bean name 'entityManagerFactory' via factory method to bean named 'entityManagerFactoryBuilder'
2026-04-17T00:36:50.431-05:00 DEBUG 17724 --- [horaclass] [    Test worker] o.s.b.f.s.DefaultListableBeanFactory     : Autowiring by type from bean name 'entityManagerFactory' via factory method to bean named 'persistenceManagedTypes'
2026-04-17T00:36:50.502-05:00 DEBUG 17724 --- [horaclass] [    Test worker] j.LocalContainerEntityManagerFactoryBean : Building JPA container EntityManagerFactory for persistence unit 'default'
2026-04-17T00:36:50.598-05:00 DEBUG 17724 --- [horaclass] [    Test worker] o.hibernate.jpa.internal.util.LogHelper  : PersistenceUnitInfo [
	name: default
	persistence provider classname: null
	classloader: jdk.internal.loader.ClassLoaders$AppClassLoader@70dea4e
	excludeUnlistedClasses: true
	JTA datasource: null
	Non JTA datasource: HikariDataSource (null)
	Transaction type: RESOURCE_LOCAL
	PU root URL: file:/C:/Users/ERIKA/Downloads/Nueva%20carpeta%20(5)/ERIKA%20BD/backend/build/classes/java/test/
	Shared Cache Mode: UNSPECIFIED
	Validation Mode: AUTO
	Jar files URLs []
	Managed classes names [
		co.edu.unbosque.horaclass.academy.model.AreaConocimiento
		co.edu.unbosque.horaclass.academy.model.Aula
		co.edu.unbosque.horaclass.academy.model.Cargo
		co.edu.unbosque.horaclass.academy.model.Curso
		co.edu.unbosque.horaclass.academy.model.Departamento
		co.edu.unbosque.horaclass.academy.model.Dia
		co.edu.unbosque.horaclass.academy.model.Directivo
		co.edu.unbosque.horaclass.academy.model.Edificio
		co.edu.unbosque.horaclass.academy.model.Empleado
		co.edu.unbosque.horaclass.academy.model.Escalafon
		co.edu.unbosque.horaclass.academy.model.Estado
		co.edu.unbosque.horaclass.academy.model.EstadoCurso
		co.edu.unbosque.horaclass.academy.model.EstadoGrupo
		co.edu.unbosque.horaclass.academy.model.EstadoInscripcion
		co.edu.unbosque.horaclass.academy.model.Estudiante
		co.edu.unbosque.horaclass.academy.model.EstudioEmpleado
		co.edu.unbosque.horaclass.academy.model.Grupo
		co.edu.unbosque.horaclass.academy.model.Inscripcion
		co.edu.unbosque.horaclass.academy.model.InscripcionId
		co.edu.unbosque.horaclass.academy.model.Institucion
		co.edu.unbosque.horaclass.academy.model.ModalidadContrato
		co.edu.unbosque.horaclass.academy.model.ModalidadCurso
		co.edu.unbosque.horaclass.academy.model.NivelAcademico
		co.edu.unbosque.horaclass.academy.model.ParametroPeriodo
		co.edu.unbosque.horaclass.academy.model.Periodo
		co.edu.unbosque.horaclass.academy.model.Pregrado
		co.edu.unbosque.horaclass.academy.model.Profesor
		co.edu.unbosque.horaclass.academy.model.ProfesorCurso
		co.edu.unbosque.horaclass.academy.model.ProfesorCursoId
		co.edu.unbosque.horaclass.academy.model.RestriccionProfesor
		co.edu.unbosque.horaclass.academy.model.Sesion
		co.edu.unbosque.horaclass.academy.model.TipoAula
		co.edu.unbosque.horaclass.academy.model.TipoCurso
		co.edu.unbosque.horaclass.academy.model.TipoDocumento
		co.edu.unbosque.horaclass.academy.model.TipoMatricula
		co.edu.unbosque.horaclass.academy.model.TipoSillas
		co.edu.unbosque.horaclass.user.model.State
		co.edu.unbosque.horaclass.user.model.User]
	Mapping files names []
	Properties []
2026-04-17T00:36:50.676-05:00 DEBUG 17724 --- [horaclass] [    Test worker] o.h.i.internal.IntegratorServiceImpl     : Adding Integrator [org.hibernate.boot.beanvalidation.BeanValidationIntegrator].
2026-04-17T00:36:50.684-05:00 DEBUG 17724 --- [horaclass] [    Test worker] o.h.i.internal.IntegratorServiceImpl     : Adding Integrator [org.hibernate.cache.internal.CollectionCacheInvalidator].
2026-04-17T00:36:50.981-05:00  INFO 17724 --- [horaclass] [    Test worker] org.hibernate.Version                    : HHH000412: Hibernate ORM core version 6.4.4.Final
2026-04-17T00:36:50.990-05:00 DEBUG 17724 --- [horaclass] [    Test worker] org.hibernate.cfg.Environment            : HHH000206: 'hibernate.properties' not found
2026-04-17T00:36:51.166-05:00 DEBUG 17724 --- [horaclass] [    Test worker] org.hibernate.orm.idgen.factory          : Registering IdentifierGenerator strategy [uuid2] -> [org.hibernate.id.UUIDGenerator]
2026-04-17T00:36:51.173-05:00 DEBUG 17724 --- [horaclass] [    Test worker] org.hibernate.orm.idgen.factory          : Registering IdentifierGenerator strategy [guid] -> [org.hibernate.id.GUIDGenerator]
2026-04-17T00:36:51.178-05:00 DEBUG 17724 --- [horaclass] [    Test worker] org.hibernate.orm.idgen.factory          : Registering IdentifierGenerator strategy [uuid] -> [org.hibernate.id.UUIDHexGenerator]
2026-04-17T00:36:51.179-05:00 DEBUG 17724 --- [horaclass] [    Test worker] org.hibernate.orm.idgen.factory          : Registering IdentifierGenerator strategy [uuid.hex] -> [org.hibernate.id.UUIDHexGenerator]
2026-04-17T00:36:51.180-05:00 DEBUG 17724 --- [horaclass] [    Test worker] org.hibernate.orm.idgen.factory          : Registering IdentifierGenerator strategy [assigned] -> [org.hibernate.id.Assigned]
2026-04-17T00:36:51.192-05:00 DEBUG 17724 --- [horaclass] [    Test worker] org.hibernate.orm.idgen.factory          : Registering IdentifierGenerator strategy [identity] -> [org.hibernate.id.IdentityGenerator]
2026-04-17T00:36:51.194-05:00 DEBUG 17724 --- [horaclass] [    Test worker] org.hibernate.orm.idgen.factory          : Registering IdentifierGenerator strategy [select] -> [org.hibernate.id.SelectGenerator]
2026-04-17T00:36:51.210-05:00 DEBUG 17724 --- [horaclass] [    Test worker] org.hibernate.orm.idgen.factory          : Registering IdentifierGenerator strategy [sequence] -> [org.hibernate.id.enhanced.SequenceStyleGenerator]
2026-04-17T00:36:51.212-05:00 DEBUG 17724 --- [horaclass] [    Test worker] org.hibernate.orm.idgen.factory          : Registering IdentifierGenerator strategy [increment] -> [org.hibernate.id.IncrementGenerator]
[...]

   R2dbcRepositoriesAutoConfiguration:
      Did not match:
         - @ConditionalOnClass did not find required class 'io.r2dbc.spi.ConnectionFactory' (OnClassCondition)

   R2dbcTransactionManagerAutoConfiguration:
      Did not match:
         - @ConditionalOnClass did not find required class 'org.springframework.r2dbc.connection.R2dbcTransactionManager' (OnClassCondition)

   RSocketGraphQlClientAutoConfiguration:
      Did not match:
         - @ConditionalOnClass did not find required class 'graphql.GraphQL' (OnClassCondition)

   RSocketMessagingAutoConfiguration:
      Did not match:
         - @ConditionalOnClass did not find required class 'io.rsocket.RSocket' (OnClassCondition)

   RSocketRequesterAutoConfiguration:
      Did not match:
         - @ConditionalOnClass did not find required class 'io.rsocket.RSocket' (OnClassCondition)

   RSocketSecurityAutoConfiguration:
      Did not match:
         - @ConditionalOnClass did not find required class 'org.springframework.security.rsocket.core.SecuritySocketAcceptorInterceptor' (OnClassCondition)

   RSocketServerAutoConfiguration:
      Did not match:
         - @ConditionalOnClass did not find required class 'io.rsocket.core.RSocketServer' (OnClassCondition)

   RSocketStrategiesAutoConfiguration:
      Did not match:
         - @ConditionalOnClass did not find required class 'io.netty.buffer.PooledByteBufAllocator' (OnClassCondition)

   RabbitAutoConfiguration:
      Did not match:
         - @ConditionalOnClass did not find required class 'com.rabbitmq.client.Channel' (OnClassCondition)

   ReactiveElasticsearchClientAutoConfiguration:
      Did not match:
         - @ConditionalOnClass did not find required class 'co.elastic.clients.transport.ElasticsearchTransport' (OnClassCondition)

   ReactiveElasticsearchRepositoriesAutoConfiguration:
      Did not match:
         - @ConditionalOnClass did not find required class 'org.springframework.data.elasticsearch.client.elc.ReactiveElasticsearchClient' (OnClassCondition)

   ReactiveMultipartAutoConfiguration:
      Did not match:
         - @ConditionalOnClass did not find required class 'org.springframework.web.reactive.config.WebFluxConfigurer' (OnClassCondition)

   ReactiveOAuth2ClientAutoConfiguration:
      Did not match:
         - @ConditionalOnClass did not find required class 'reactor.core.publisher.Flux' (OnClassCondition)

   ReactiveOAuth2ResourceServerAutoConfiguration:
      Did not match:
         - @ConditionalOnClass did not find required class 'org.springframework.security.config.annotation.web.reactive.EnableWebFluxSecurity' (OnClassCondition)

   ReactiveSecurityAutoConfiguration:
      Did not match:
         - @ConditionalOnClass did not find required class 'reactor.core.publisher.Flux' (OnClassCondition)

   ReactiveUserDetailsServiceAutoConfiguration:
      Did not match:
         - @ConditionalOnClass did not find required class 'org.springframework.security.authentication.ReactiveAuthenticationManager' (OnClassCondition)

   ReactiveWebServerFactoryAutoConfiguration:
      Did not match:
         - @ConditionalOnWebApplication did not find reactive web application classes (OnWebApplicationCondition)

   ReactorAutoConfiguration:
      Did not match:
         - @ConditionalOnClass did not find required class 'reactor.core.publisher.Hooks' (OnClassCondition)

   RedisAutoConfiguration:
      Did not match:
         - @ConditionalOnClass did not find required class 'org.springframework.data.redis.core.RedisOperations' (OnClassCondition)

   RedisCacheConfiguration:
      Did not match:
         - @ConditionalOnClass did not find required class 'org.springframework.data.redis.connection.RedisConnectionFactory' (OnClassCondition)

   RedisReactiveAutoConfiguration:
      Did not match:
         - @ConditionalOnClass did not find required class 'reactor.core.publisher.Flux' (OnClassCondition)

   RedisRepositoriesAutoConfiguration:
      Did not match:
         - @ConditionalOnClass did not find required class 'org.springframework.data.redis.repository.configuration.EnableRedisRepositories' (OnClassCondition)

   RepositoryRestMvcAutoConfiguration:
      Did not match:
         - @ConditionalOnClass did not find required class 'org.springframework.data.rest.webmvc.config.RepositoryRestMvcConfiguration' (OnClassCondition)

   Saml2RelyingPartyAutoConfiguration:
      Did not match:
         - @ConditionalOnClass did not find required class 'org.springframework.security.saml2.provider.service.registration.RelyingPartyRegistrationRepository' (OnClassCondition)

   SecurityAutoConfiguration:
      Did not match:
         - @ConditionalOnClass did not find required class 'org.springframework.security.authentication.DefaultAuthenticationEventPublisher' (OnClassCondition)

   SecurityFilterAutoConfiguration:
      Did not match:
         - @ConditionalOnClass did not find required class 'org.springframework.security.config.http.SessionCreationPolicy' (OnClassCondition)

   SendGridAutoConfiguration:
      Did not match:
         - @ConditionalOnClass did not find required class 'com.sendgrid.SendGrid' (OnClassCondition)

   ServletWebServerFactoryAutoConfiguration.ForwardedHeaderFilterConfiguration:
      Did not match:
         - @ConditionalOnProperty (server.forward-headers-strategy=framework) did not find property 'server.forward-headers-strategy' (OnPropertyCondition)

   ServletWebServerFactoryConfiguration.EmbeddedJetty:
      Did not match:
         - @ConditionalOnClass did not find required classes 'org.eclipse.jetty.server.Server', 'org.eclipse.jetty.util.Loader', 'org.eclipse.jetty.ee10.webapp.WebAppContext' (OnClassCondition)

   ServletWebServerFactoryConfiguration.EmbeddedUndertow:
      Did not match:
         - @ConditionalOnClass did not find required classes 'io.undertow.Undertow', 'org.xnio.SslClientAuthMode' (OnClassCondition)

   SessionAutoConfiguration:
      Did not match:
         - @ConditionalOnClass did not find required class 'org.springframework.session.Session' (OnClassCondition)

   SpringApplicationAdminJmxAutoConfiguration:
      Did not match:
         - @ConditionalOnProperty (spring.application.admin.enabled=true) did not find property 'enabled' (OnPropertyCondition)

   TaskExecutorConfigurations.SimpleAsyncTaskExecutorBuilderConfiguration#simpleAsyncTaskExecutorBuilderVirtualThreads:
      Did not match:
         - @ConditionalOnMissingBean (types: org.springframework.boot.task.SimpleAsyncTaskExecutorBuilder; SearchStrategy: all) found beans of type 'org.springframework.boot.task.SimpleAsyncTaskExecutorBuilder' simpleAsyncTaskExecutorBuilder (OnBeanCondition)

   TaskExecutorConfigurations.TaskExecutorConfiguration#applicationTaskExecutorVirtualThreads:
      Did not match:
         - @ConditionalOnThreading did not find VIRTUAL (OnThreadingCondition)

   TaskSchedulingAutoConfiguration#scheduledBeanLazyInitializationExcludeFilter:
      Did not match:
         - @ConditionalOnBean (names: org.springframework.context.annotation.internalScheduledAnnotationProcessor; SearchStrategy: all) did not find any beans named org.springframework.context.annotation.internalScheduledAnnotationProcessor (OnBeanCondition)

   TaskSchedulingConfigurations.SimpleAsyncTaskSchedulerBuilderConfiguration#simpleAsyncTaskSchedulerBuilderVirtualThreads:
      Did not match:
         - @ConditionalOnMissingBean (types: org.springframework.boot.task.SimpleAsyncTaskSchedulerBuilder; SearchStrategy: all) found beans of type 'org.springframework.boot.task.SimpleAsyncTaskSchedulerBuilder' simpleAsyncTaskSchedulerBuilder (OnBeanCondition)

   TaskSchedulingConfigurations.TaskSchedulerConfiguration:
      Did not match:
         - @ConditionalOnBean (names: org.springframework.context.annotation.internalScheduledAnnotationProcessor; SearchStrategy: all) did not find any beans named org.springframework.context.annotation.internalScheduledAnnotationProcessor (OnBeanCondition)

   ThymeleafAutoConfiguration:
      Did not match:
         - @ConditionalOnClass did not find required class 'org.thymeleaf.spring6.SpringTemplateEngine' (OnClassCondition)

   TransactionAutoConfiguration#transactionalOperator:
      Did not match:
         - @ConditionalOnSingleCandidate (types: org.springframework.transaction.ReactiveTransactionManager; SearchStrategy: all) did not find any beans (OnBeanCondition)

   TransactionAutoConfiguration.AspectJTransactionManagementConfiguration:
      Did not match:
         - @ConditionalOnBean (types: org.springframework.transaction.aspectj.AbstractTransactionAspect; SearchStrategy: all) did not find any beans of type org.springframework.transaction.aspectj.AbstractTransactionAspect (OnBeanCondition)

   TransactionAutoConfiguration.EnableTransactionManagementConfiguration.JdkDynamicAutoProxyConfiguration:
      Did not match:
         - @ConditionalOnProperty (spring.aop.proxy-target-class=false) did not find property 'proxy-target-class' (OnPropertyCondition)

   UserDetailsServiceAutoConfiguration:
      Did not match:
         - @ConditionalOnClass did not find required class 'org.springframework.security.authentication.AuthenticationManager' (OnClassCondition)

   ValidationAutoConfiguration:
      Did not match:
         - @ConditionalOnClass did not find required class 'jakarta.validation.executable.ExecutableValidator' (OnClassCondition)

   WebClientAutoConfiguration:
      Did not match:
         - @ConditionalOnClass did not find required class 'org.springframework.web.reactive.function.client.WebClient' (OnClassCondition)

   WebFluxAutoConfiguration:
      Did not match:
         - @ConditionalOnClass did not find required class 'org.springframework.web.reactive.config.WebFluxConfigurer' (OnClassCondition)

   WebMvcAutoConfiguration#hiddenHttpMethodFilter:
      Did not match:
         - @ConditionalOnProperty (spring.mvc.hiddenmethod.filter.enabled) did not find property 'enabled' (OnPropertyCondition)

   WebMvcAutoConfiguration.ProblemDetailsErrorHandlingConfiguration:
      Did not match:
         - @ConditionalOnProperty (spring.mvc.problemdetails.enabled=true) did not find property 'enabled' (OnPropertyCondition)

   WebMvcAutoConfiguration.ResourceChainCustomizerConfiguration:
      Did not match:
         - @ConditionalOnEnabledResourceChain did not find class org.webjars.WebJarAssetLocator (OnEnabledResourceChainCondition)

   WebMvcAutoConfiguration.WebMvcAutoConfigurationAdapter#beanNameViewResolver:
      Did not match:
         - @ConditionalOnMissingBean (types: org.springframework.web.servlet.view.BeanNameViewResolver; SearchStrategy: all) found beans of type 'org.springframework.web.servlet.view.BeanNameViewResolver' beanNameViewResolver (OnBeanCondition)

   WebServiceTemplateAutoConfiguration:
      Did not match:
         - @ConditionalOnClass did not find required class 'org.springframework.oxm.Marshaller' (OnClassCondition)

   WebServicesAutoConfiguration:
      Did not match:
         - @ConditionalOnClass did not find required class 'org.springframework.ws.transport.http.MessageDispatcherServlet' (OnClassCondition)

   WebSessionIdResolverAutoConfiguration:
      Did not match:
         - @ConditionalOnClass did not find required class 'reactor.core.publisher.Mono' (OnClassCondition)

   WebSocketMessagingAutoConfiguration:
      Did not match:
         - @ConditionalOnClass did not find required class 'org.springframework.web.socket.config.annotation.WebSocketMessageBrokerConfigurer' (OnClassCondition)

   WebSocketReactiveAutoConfiguration:
      Did not match:
         - @ConditionalOnWebApplication did not find reactive web application classes (OnWebApplicationCondition)

   WebSocketServletAutoConfiguration.JettyWebSocketConfiguration:
      Did not match:
         - @ConditionalOnClass did not find required class 'org.eclipse.jetty.ee10.websocket.jakarta.server.config.JakartaWebSocketServletContainerInitializer' (OnClassCondition)

   WebSocketServletAutoConfiguration.UndertowWebSocketConfiguration:
      Did not match:
         - @ConditionalOnClass did not find required class 'io.undertow.websockets.jsr.Bootstrap' (OnClassCondition)

   XADataSourceAutoConfiguration:
      Did not match:
         - @ConditionalOnBean (types: org.springframework.boot.jdbc.XADataSourceWrapper; SearchStrategy: all) did not find any beans of type org.springframework.boot.jdbc.XADataSourceWrapper (OnBeanCondition)
      Matched:
         - @ConditionalOnClass found required classes 'javax.sql.DataSource', 'jakarta.transaction.TransactionManager', 'org.springframework.jdbc.datasource.embedded.EmbeddedDatabaseType' (OnClassCondition)


Exclusions:
-----------

    None


Unconditional classes:
----------------------

    org.springframework.boot.autoconfigure.context.ConfigurationPropertiesAutoConfiguration

    org.springframework.boot.autoconfigure.ssl.SslAutoConfiguration

    org.springframework.boot.autoconfigure.context.LifecycleAutoConfiguration

    org.springframework.boot.autoconfigure.context.PropertyPlaceholderAutoConfiguration

    org.springframework.boot.autoconfigure.availability.ApplicationAvailabilityAutoConfiguration

    org.springframework.boot.autoconfigure.info.ProjectInfoAutoConfiguration



2026-04-17T00:37:11.160-05:00  INFO 17724 --- [horaclass] [    Test worker] c.e.u.h.HoraclassApplicationTests        : Started HoraclassApplicationTests in 31.073 seconds (process running for 37.411)
2026-04-17T00:37:11.165-05:00 DEBUG 17724 --- [horaclass] [    Test worker] o.s.b.a.ApplicationAvailabilityBean      : Application availability state LivenessState changed to CORRECT
2026-04-17T00:37:11.179-05:00 DEBUG 17724 --- [horaclass] [    Test worker] o.s.b.a.ApplicationAvailabilityBean      : Application availability state ReadinessState changed to ACCEPTING_TRAFFIC
2026-04-17T00:37:11.187-05:00 DEBUG 17724 --- [horaclass] [    Test worker] org.springframework.test.context.cache   : Spring test ApplicationContext cache statistics: [DefaultContextCache@1d07d728 size = 1, maxSize = 32, parentContextCount = 0, hitCount = 0, missCount = 1, failureCount = 0]
2026-04-17T00:37:11.189-05:00 DEBUG 17724 --- [horaclass] [    Test worker] o.s.t.c.w.ServletTestExecutionListener   : Setting up MockHttpServletRequest, MockHttpServletResponse, ServletWebRequest, and RequestContextHolder for test class co.edu.unbosque.horaclass.HoraclassApplicationTests
2026-04-17T00:37:11.232-05:00 DEBUG 17724 --- [horaclass] [    Test worker] DependencyInjectionTestExecutionListener : Performing dependency injection for test class co.edu.unbosque.horaclass.HoraclassApplicationTests
2026-04-17T00:37:11.234-05:00 DEBUG 17724 --- [horaclass] [    Test worker] org.springframework.test.context.cache   : Spring test ApplicationContext cache statistics: [DefaultContextCache@1d07d728 size = 1, maxSize = 32, parentContextCount = 0, hitCount = 1, missCount = 1, failureCount = 0]
2026-04-17T00:37:11.237-05:00 DEBUG 17724 --- [horaclass] [    Test worker] org.springframework.test.context.cache   : Spring test ApplicationContext cache statistics: [DefaultContextCache@1d07d728 size = 1, maxSize = 32, parentContextCount = 0, hitCount = 2, missCount = 1, failureCount = 0]
2026-04-17T00:37:11.248-05:00 DEBUG 17724 --- [horaclass] [    Test worker] sContextBeforeModesTestExecutionListener : Before test method: class [HoraclassApplicationTests], method [contextLoads], class annotated with @DirtiesContext [false] with mode [null], method annotated with @DirtiesContext [false] with mode [null]
2026-04-17T00:37:11.272-05:00 DEBUG 17724 --- [horaclass] [    Test worker] org.springframework.test.context.cache   : Spring test ApplicationContext cache statistics: [DefaultContextCache@1d07d728 size = 1, maxSize = 32, parentContextCount = 0, hitCount = 3, missCount = 1, failureCount = 0]
2026-04-17T00:37:11.272-05:00 DEBUG 17724 --- [horaclass] [    Test worker] org.springframework.test.context.cache   : Spring test ApplicationContext cache statistics: [DefaultContextCache@1d07d728 size = 1, maxSize = 32, parentContextCount = 0, hitCount = 4, missCount = 1, failureCount = 0]
2026-04-17T00:37:13.125-05:00 DEBUG 17724 --- [horaclass] [    Test worker] org.springframework.test.context.cache   : Spring test ApplicationContext cache statistics: [DefaultContextCache@1d07d728 size = 1, maxSize = 32, parentContextCount = 0, hitCount = 5, missCount = 1, failureCount = 0]
2026-04-17T00:37:13.151-05:00 DEBUG 17724 --- [horaclass] [    Test worker] org.springframework.test.context.cache   : Spring test ApplicationContext cache statistics: [DefaultContextCache@1d07d728 size = 1, maxSize = 32, parentContextCount = 0, hitCount = 6, missCount = 1, failureCount = 0]
2026-04-17T00:37:13.155-05:00 DEBUG 17724 --- [horaclass] [    Test worker] org.springframework.test.context.cache   : Spring test ApplicationContext cache statistics: [DefaultContextCache@1d07d728 size = 1, maxSize = 32, parentContextCount = 0, hitCount = 7, missCount = 1, failureCount = 0]
2026-04-17T00:37:13.161-05:00 DEBUG 17724 --- [horaclass] [    Test worker] org.springframework.test.context.cache   : Spring test ApplicationContext cache statistics: [DefaultContextCache@1d07d728 size = 1, maxSize = 32, parentContextCount = 0, hitCount = 8, missCount = 1, failureCount = 0]
2026-04-17T00:37:13.161-05:00 DEBUG 17724 --- [horaclass] [    Test worker] org.springframework.test.context.cache   : Spring test ApplicationContext cache statistics: [DefaultContextCache@1d07d728 size = 1, maxSize = 32, parentContextCount = 0, hitCount = 9, missCount = 1, failureCount = 0]
2026-04-17T00:37:13.164-05:00 DEBUG 17724 --- [horaclass] [    Test worker] org.springframework.test.context.cache   : Spring test ApplicationContext cache statistics: [DefaultContextCache@1d07d728 size = 1, maxSize = 32, parentContextCount = 0, hitCount = 10, missCount = 1, failureCount = 0]
2026-04-17T00:37:13.171-05:00 DEBUG 17724 --- [horaclass] [    Test worker] org.springframework.test.context.cache   : Spring test ApplicationContext cache statistics: [DefaultContextCache@1d07d728 size = 1, maxSize = 32, parentContextCount = 0, hitCount = 11, missCount = 1, failureCount = 0]
2026-04-17T00:37:13.173-05:00 DEBUG 17724 --- [horaclass] [    Test worker] .c.s.DirtiesContextTestExecutionListener : After test method: class [HoraclassApplicationTests], method [contextLoads], class annotated with @DirtiesContext [false] with mode [null], method annotated with @DirtiesContext [false] with mode [null]
2026-04-17T00:37:13.173-05:00 DEBUG 17724 --- [horaclass] [    Test worker] o.s.t.c.w.ServletTestExecutionListener   : Resetting RequestContextHolder for test class co.edu.unbosque.horaclass.HoraclassApplicationTests
2026-04-17T00:37:13.201-05:00 DEBUG 17724 --- [horaclass] [    Test worker] org.springframework.test.context.cache   : Spring test ApplicationContext cache statistics: [DefaultContextCache@1d07d728 size = 1, maxSize = 32, parentContextCount = 0, hitCount = 12, missCount = 1, failureCount = 0]
2026-04-17T00:37:13.202-05:00 DEBUG 17724 --- [horaclass] [    Test worker] .c.s.DirtiesContextTestExecutionListener : After test class: class [HoraclassApplicationTests], class annotated with @DirtiesContext [false] with mode [null]
]]></system-out>
  <system-err><![CDATA[WARNING: A Java agent has been loaded dynamically (C:\Users\ERIKA\.gradle\caches\modules-2\files-2.1\net.bytebuddy\byte-buddy-agent\1.14.13\979ce25f7d3096a2e82214ba7dc972a05ce7a171\byte-buddy-agent-1.14.13.jar)
WARNING: If a serviceability tool is in use, please run with -XX:+EnableDynamicAgentLoading to hide this warning
WARNING: If a serviceability tool is not in use, please run with -Djdk.instrument.traceUsage for more information
WARNING: Dynamic loading of agents will be disallowed by default in a future release
]]></system-err>
</testsuite>
